Arguments: 
  /usr/bin/node /usr/share/yarn/bin/yarn.js add -D @types/kucoin-node-sdk

PATH: 
  /home/al/.local/bin:/usr/local/sbin:/usr/local/bin:/usr/sbin:/usr/bin:/sbin:/bin:/usr/games:/usr/local/games:/snap/bin:/snap/bin

Yarn version: 
  1.22.19

Node version: 
  16.16.0

Platform: 
  linux x64

Trace: 
  Error: https://registry.yarnpkg.com/@types%2fkucoin-node-sdk: Not found
      at Request.params.callback [as _callback] (/usr/share/yarn/lib/cli.js:66145:18)
      at Request.self.callback (/usr/share/yarn/lib/cli.js:140890:22)
      at Request.emit (node:events:527:28)
      at Request.<anonymous> (/usr/share/yarn/lib/cli.js:141862:10)
      at Request.emit (node:events:527:28)
      at IncomingMessage.<anonymous> (/usr/share/yarn/lib/cli.js:141784:12)
      at Object.onceWrapper (node:events:641:28)
      at IncomingMessage.emit (node:events:539:35)
      at endReadableNT (node:internal/streams/readable:1345:12)
      at processTicksAndRejections (node:internal/process/task_queues:83:21)

npm manifest: 
  {
    "name": "mansa",
    "version": "1.0.0",
    "description": "Mansa reads AgileCliffs signals and trades them on your behalf",
    "main": "dist/index.js",
    "scripts": {
      "build": "npx tsc",
      "start": "node dist/index.js",
      "dev": "concurrently \"npx tsc --watch\" \"nodemon -q dist/index.js\"",
      "lint": "eslint . --ext .ts",
      "test": "echo \"Error: no test specified\" && exit 1"
    },
    "author": "Vahid Al @thevahidal",
    "license": "ISC",
    "dependencies": {
      "axios": "^0.27.2",
      "cyclic-dynamodb": "^0.0.27",
      "dotenv": "^16.0.1",
      "kucoin-node-sdk": "^1.0.4",
      "toad-scheduler": "^1.6.1"
    },
    "devDependencies": {
      "@tsconfig/node16": "^1.0.3",
      "@types/node": "^18.6.2",
      "@typescript-eslint/eslint-plugin": "^5.31.0",
      "@typescript-eslint/parser": "^5.31.0",
      "concurrently": "^7.3.0",
      "nodemon": "^2.0.19",
      "typescript": "^4.7.4"
    }
  }

yarn manifest: 
  No manifest

Lockfile: 
  # THIS IS AN AUTOGENERATED FILE. DO NOT EDIT THIS FILE DIRECTLY.
  # yarn lockfile v1
  
  
  "@aws-crypto/ie11-detection@^2.0.0":
    version "2.0.0"
    resolved "https://registry.yarnpkg.com/@aws-crypto/ie11-detection/-/ie11-detection-2.0.0.tgz#bb6c2facf8f03457e949dcf0921477397ffa4c6e"
    integrity sha512-pkVXf/dq6PITJ0jzYZ69VhL8VFOFoPZLZqtU/12SGnzYuJOOGNfF41q9GxdI1yqC8R13Rq3jOLKDFpUJFT5eTA==
    dependencies:
      tslib "^1.11.1"
  
  "@aws-crypto/sha256-browser@2.0.0":
    version "2.0.0"
    resolved "https://registry.yarnpkg.com/@aws-crypto/sha256-browser/-/sha256-browser-2.0.0.tgz#741c9024df55ec59b51e5b1f5d806a4852699fb5"
    integrity sha512-rYXOQ8BFOaqMEHJrLHul/25ckWH6GTJtdLSajhlqGMx0PmSueAuvboCuZCTqEKlxR8CQOwRarxYMZZSYlhRA1A==
    dependencies:
      "@aws-crypto/ie11-detection" "^2.0.0"
      "@aws-crypto/sha256-js" "^2.0.0"
      "@aws-crypto/supports-web-crypto" "^2.0.0"
      "@aws-crypto/util" "^2.0.0"
      "@aws-sdk/types" "^3.1.0"
      "@aws-sdk/util-locate-window" "^3.0.0"
      "@aws-sdk/util-utf8-browser" "^3.0.0"
      tslib "^1.11.1"
  
  "@aws-crypto/sha256-js@2.0.0":
    version "2.0.0"
    resolved "https://registry.yarnpkg.com/@aws-crypto/sha256-js/-/sha256-js-2.0.0.tgz#f1f936039bdebd0b9e2dd834d65afdc2aac4efcb"
    integrity sha512-VZY+mCY4Nmrs5WGfitmNqXzaE873fcIZDu54cbaDaaamsaTOP1DBImV9F4pICc3EHjQXujyE8jig+PFCaew9ig==
    dependencies:
      "@aws-crypto/util" "^2.0.0"
      "@aws-sdk/types" "^3.1.0"
      tslib "^1.11.1"
  
  "@aws-crypto/sha256-js@^2.0.0":
    version "2.0.1"
    resolved "https://registry.yarnpkg.com/@aws-crypto/sha256-js/-/sha256-js-2.0.1.tgz#79e1e6cf61f652ef2089c08d471c722ecf1626a9"
    integrity sha512-mbHTBSPBvg6o/mN/c18Z/zifM05eJrapj5ggoOIeHIWckvkv5VgGi7r/wYpt+QAO2ySKXLNvH2d8L7bne4xrMQ==
    dependencies:
      "@aws-crypto/util" "^2.0.1"
      "@aws-sdk/types" "^3.1.0"
      tslib "^1.11.1"
  
  "@aws-crypto/supports-web-crypto@^2.0.0":
    version "2.0.0"
    resolved "https://registry.yarnpkg.com/@aws-crypto/supports-web-crypto/-/supports-web-crypto-2.0.0.tgz#fd6cde30b88f77d5a4f57b2c37c560d918014f9e"
    integrity sha512-Ge7WQ3E0OC7FHYprsZV3h0QIcpdyJLvIeg+uTuHqRYm8D6qCFJoiC+edSzSyFiHtZf+NOQDJ1q46qxjtzIY2nA==
    dependencies:
      tslib "^1.11.1"
  
  "@aws-crypto/util@^2.0.0", "@aws-crypto/util@^2.0.1":
    version "2.0.1"
    resolved "https://registry.yarnpkg.com/@aws-crypto/util/-/util-2.0.1.tgz#976cf619cf85084ca85ec5eb947a6ac6b8b5c98c"
    integrity sha512-JJmFFwvbm08lULw4Nm5QOLg8+lAQeC8aCXK5xrtxntYzYXCGfHwUJ4Is3770Q7HmICsXthGQ+ZsDL7C2uH3yBQ==
    dependencies:
      "@aws-sdk/types" "^3.1.0"
      "@aws-sdk/util-utf8-browser" "^3.0.0"
      tslib "^1.11.1"
  
  "@aws-sdk/abort-controller@3.78.0":
    version "3.78.0"
    resolved "https://registry.yarnpkg.com/@aws-sdk/abort-controller/-/abort-controller-3.78.0.tgz#f2b0f8d63954afe51136254f389a18dd24a8f6f3"
    integrity sha512-iz1YLwM2feJUj/y97yO4XmDeTxs+yZ1XJwQgoawKuc8IDBKUutnJNCHL5jL04WUKU7Nrlq+Hr2fCTScFh2z9zg==
    dependencies:
      "@aws-sdk/types" "3.78.0"
      tslib "^2.3.1"
  
  "@aws-sdk/client-dynamodb@3.82.0":
    version "3.82.0"
    resolved "https://registry.yarnpkg.com/@aws-sdk/client-dynamodb/-/client-dynamodb-3.82.0.tgz#5fe9242a20b224ade0ee29198c33c6ea36f2ce8f"
    integrity sha512-8w4a+v5iVfX+XSTPRFQOtFRrFkZBStnJR5UUhGoF3kHEY8PTb92I3FDFAa1K2bfcbkZjown/mOF/aWMe+DAgHw==
    dependencies:
      "@aws-crypto/sha256-browser" "2.0.0"
      "@aws-crypto/sha256-js" "2.0.0"
      "@aws-sdk/client-sts" "3.82.0"
      "@aws-sdk/config-resolver" "3.80.0"
      "@aws-sdk/credential-provider-node" "3.82.0"
      "@aws-sdk/fetch-http-handler" "3.78.0"
      "@aws-sdk/hash-node" "3.78.0"
      "@aws-sdk/invalid-dependency" "3.78.0"
      "@aws-sdk/middleware-content-length" "3.78.0"
      "@aws-sdk/middleware-endpoint-discovery" "3.80.0"
      "@aws-sdk/middleware-host-header" "3.78.0"
      "@aws-sdk/middleware-logger" "3.78.0"
      "@aws-sdk/middleware-retry" "3.80.0"
      "@aws-sdk/middleware-serde" "3.78.0"
      "@aws-sdk/middleware-signing" "3.78.0"
      "@aws-sdk/middleware-stack" "3.78.0"
      "@aws-sdk/middleware-user-agent" "3.78.0"
      "@aws-sdk/node-config-provider" "3.80.0"
      "@aws-sdk/node-http-handler" "3.82.0"
      "@aws-sdk/protocol-http" "3.78.0"
      "@aws-sdk/smithy-client" "3.78.0"
      "@aws-sdk/types" "3.78.0"
      "@aws-sdk/url-parser" "3.78.0"
      "@aws-sdk/util-base64-browser" "3.58.0"
      "@aws-sdk/util-base64-node" "3.55.0"
      "@aws-sdk/util-body-length-browser" "3.55.0"
      "@aws-sdk/util-body-length-node" "3.55.0"
      "@aws-sdk/util-defaults-mode-browser" "3.78.0"
      "@aws-sdk/util-defaults-mode-node" "3.81.0"
      "@aws-sdk/util-user-agent-browser" "3.78.0"
      "@aws-sdk/util-user-agent-node" "3.80.0"
      "@aws-sdk/util-utf8-browser" "3.55.0"
      "@aws-sdk/util-utf8-node" "3.55.0"
      "@aws-sdk/util-waiter" "3.78.0"
      tslib "^2.3.1"
      uuid "^8.3.2"
  
  "@aws-sdk/client-sso@3.82.0":
    version "3.82.0"
    resolved "https://registry.yarnpkg.com/@aws-sdk/client-sso/-/client-sso-3.82.0.tgz#720c9f84554bf951f192e5000ac0d34a10f992df"
    integrity sha512-zfscjrufPLh1RwdVMDx+5xxZbrY64UD4aSHlmWcPxE8ySj2MVfoE18EBQcCgY82U5QgssT7yxtUirxyI2b92tw==
    dependencies:
      "@aws-crypto/sha256-browser" "2.0.0"
      "@aws-crypto/sha256-js" "2.0.0"
      "@aws-sdk/config-resolver" "3.80.0"
      "@aws-sdk/fetch-http-handler" "3.78.0"
      "@aws-sdk/hash-node" "3.78.0"
      "@aws-sdk/invalid-dependency" "3.78.0"
      "@aws-sdk/middleware-content-length" "3.78.0"
      "@aws-sdk/middleware-host-header" "3.78.0"
      "@aws-sdk/middleware-logger" "3.78.0"
      "@aws-sdk/middleware-retry" "3.80.0"
      "@aws-sdk/middleware-serde" "3.78.0"
      "@aws-sdk/middleware-stack" "3.78.0"
      "@aws-sdk/middleware-user-agent" "3.78.0"
      "@aws-sdk/node-config-provider" "3.80.0"
      "@aws-sdk/node-http-handler" "3.82.0"
      "@aws-sdk/protocol-http" "3.78.0"
      "@aws-sdk/smithy-client" "3.78.0"
      "@aws-sdk/types" "3.78.0"
      "@aws-sdk/url-parser" "3.78.0"
      "@aws-sdk/util-base64-browser" "3.58.0"
      "@aws-sdk/util-base64-node" "3.55.0"
      "@aws-sdk/util-body-length-browser" "3.55.0"
      "@aws-sdk/util-body-length-node" "3.55.0"
      "@aws-sdk/util-defaults-mode-browser" "3.78.0"
      "@aws-sdk/util-defaults-mode-node" "3.81.0"
      "@aws-sdk/util-user-agent-browser" "3.78.0"
      "@aws-sdk/util-user-agent-node" "3.80.0"
      "@aws-sdk/util-utf8-browser" "3.55.0"
      "@aws-sdk/util-utf8-node" "3.55.0"
      tslib "^2.3.1"
  
  "@aws-sdk/client-sts@3.82.0":
    version "3.82.0"
    resolved "https://registry.yarnpkg.com/@aws-sdk/client-sts/-/client-sts-3.82.0.tgz#9b316c61980c27df3aef7f60ccdb4d9944f7f9b7"
    integrity sha512-gR1dz/a6lMD2U+AUpLUocXDruDDQFCUoknrpzMZPCAVsamrF17dwKKCgKVlz6zseHP6uPMPluuppvYQ16wsYyQ==
    dependencies:
      "@aws-crypto/sha256-browser" "2.0.0"
      "@aws-crypto/sha256-js" "2.0.0"
      "@aws-sdk/config-resolver" "3.80.0"
      "@aws-sdk/credential-provider-node" "3.82.0"
      "@aws-sdk/fetch-http-handler" "3.78.0"
      "@aws-sdk/hash-node" "3.78.0"
      "@aws-sdk/invalid-dependency" "3.78.0"
      "@aws-sdk/middleware-content-length" "3.78.0"
      "@aws-sdk/middleware-host-header" "3.78.0"
      "@aws-sdk/middleware-logger" "3.78.0"
      "@aws-sdk/middleware-retry" "3.80.0"
      "@aws-sdk/middleware-sdk-sts" "3.78.0"
      "@aws-sdk/middleware-serde" "3.78.0"
      "@aws-sdk/middleware-signing" "3.78.0"
      "@aws-sdk/middleware-stack" "3.78.0"
      "@aws-sdk/middleware-user-agent" "3.78.0"
      "@aws-sdk/node-config-provider" "3.80.0"
      "@aws-sdk/node-http-handler" "3.82.0"
      "@aws-sdk/protocol-http" "3.78.0"
      "@aws-sdk/smithy-client" "3.78.0"
      "@aws-sdk/types" "3.78.0"
      "@aws-sdk/url-parser" "3.78.0"
      "@aws-sdk/util-base64-browser" "3.58.0"
      "@aws-sdk/util-base64-node" "3.55.0"
      "@aws-sdk/util-body-length-browser" "3.55.0"
      "@aws-sdk/util-body-length-node" "3.55.0"
      "@aws-sdk/util-defaults-mode-browser" "3.78.0"
      "@aws-sdk/util-defaults-mode-node" "3.81.0"
      "@aws-sdk/util-user-agent-browser" "3.78.0"
      "@aws-sdk/util-user-agent-node" "3.80.0"
      "@aws-sdk/util-utf8-browser" "3.55.0"
      "@aws-sdk/util-utf8-node" "3.55.0"
      entities "2.2.0"
      fast-xml-parser "3.19.0"
      tslib "^2.3.1"
  
  "@aws-sdk/config-resolver@3.80.0":
    version "3.80.0"
    resolved "https://registry.yarnpkg.com/@aws-sdk/config-resolver/-/config-resolver-3.80.0.tgz#a804aba4d4767402ab15640757c8c8bb2254eec1"
    integrity sha512-vFruNKlmhsaC8yjnHmasi1WW/7EELlEuFTj4mqcqNqR4dfraf0maVvpqF1VSR8EstpFMsGYI5dmoWAnnG4PcLQ==
    dependencies:
      "@aws-sdk/signature-v4" "3.78.0"
      "@aws-sdk/types" "3.78.0"
      "@aws-sdk/util-config-provider" "3.55.0"
      "@aws-sdk/util-middleware" "3.78.0"
      tslib "^2.3.1"
  
  "@aws-sdk/credential-provider-env@3.78.0":
    version "3.78.0"
    resolved "https://registry.yarnpkg.com/@aws-sdk/credential-provider-env/-/credential-provider-env-3.78.0.tgz#e3013073bab0db313b0505d790aa79a35bd582d9"
    integrity sha512-K41VTIzVHm2RyIwtBER8Hte3huUBXdV1WKO+i7olYVgLFmaqcZUNrlyoGDRqZcQ/u4AbxTzBU9jeMIbIfzMOWg==
    dependencies:
      "@aws-sdk/property-provider" "3.78.0"
      "@aws-sdk/types" "3.78.0"
      tslib "^2.3.1"
  
  "@aws-sdk/credential-provider-imds@3.81.0":
    version "3.81.0"
    resolved "https://registry.yarnpkg.com/@aws-sdk/credential-provider-imds/-/credential-provider-imds-3.81.0.tgz#1ffd1219b7fd19eec4d4d4b5b06bda66e3bc210e"
    integrity sha512-BHopP+gaovTYj+4tSrwCk8NNCR48gE9CWmpIOLkP9ell0gOL81Qh7aCEiIK0BZBZkccv1s16cYq1MSZZGS7PEQ==
    dependencies:
      "@aws-sdk/node-config-provider" "3.80.0"
      "@aws-sdk/property-provider" "3.78.0"
      "@aws-sdk/types" "3.78.0"
      "@aws-sdk/url-parser" "3.78.0"
      tslib "^2.3.1"
  
  "@aws-sdk/credential-provider-ini@3.82.0":
    version "3.82.0"
    resolved "https://registry.yarnpkg.com/@aws-sdk/credential-provider-ini/-/credential-provider-ini-3.82.0.tgz#9e2cf1b1100714dc8ae6b608f0382442751d82fe"
    integrity sha512-2HrH5Ok/ZpN/81JbIY+HiKjNtGoXP50jyX8a5Dpez41hLuXek7j2ENWRcNOMkPtot+Ri088h661Y7sdzOv1etg==
    dependencies:
      "@aws-sdk/credential-provider-env" "3.78.0"
      "@aws-sdk/credential-provider-imds" "3.81.0"
      "@aws-sdk/credential-provider-sso" "3.82.0"
      "@aws-sdk/credential-provider-web-identity" "3.78.0"
      "@aws-sdk/property-provider" "3.78.0"
      "@aws-sdk/shared-ini-file-loader" "3.80.0"
      "@aws-sdk/types" "3.78.0"
      tslib "^2.3.1"
  
  "@aws-sdk/credential-provider-node@3.82.0":
    version "3.82.0"
    resolved "https://registry.yarnpkg.com/@aws-sdk/credential-provider-node/-/credential-provider-node-3.82.0.tgz#ea2cad7ec998079f585d87b4ce375c0a677eea97"
    integrity sha512-jjZj5h+tKaFBl/RnZ4Atpdtot6ZK4F2EBC8t+sNnFhPqcnhO42+7tLZ/aXhdY1oCvD54RG3exHFRsY6qDe8MhQ==
    dependencies:
      "@aws-sdk/credential-provider-env" "3.78.0"
      "@aws-sdk/credential-provider-imds" "3.81.0"
      "@aws-sdk/credential-provider-ini" "3.82.0"
      "@aws-sdk/credential-provider-process" "3.80.0"
      "@aws-sdk/credential-provider-sso" "3.82.0"
      "@aws-sdk/credential-provider-web-identity" "3.78.0"
      "@aws-sdk/property-provider" "3.78.0"
      "@aws-sdk/shared-ini-file-loader" "3.80.0"
      "@aws-sdk/types" "3.78.0"
      tslib "^2.3.1"
  
  "@aws-sdk/credential-provider-process@3.80.0":
    version "3.80.0"
    resolved "https://registry.yarnpkg.com/@aws-sdk/credential-provider-process/-/credential-provider-process-3.80.0.tgz#625577774278f845fe5bd0f311ed53973ec92ede"
    integrity sha512-3Ro+kMMyLUJHefOhGc5pOO/ibGcJi8bkj0z/Jtqd5I2Sm1qi7avoztST67/k48KMW1OqPnD/FUqxz5T8B2d+FQ==
    dependencies:
      "@aws-sdk/property-provider" "3.78.0"
      "@aws-sdk/shared-ini-file-loader" "3.80.0"
      "@aws-sdk/types" "3.78.0"
      tslib "^2.3.1"
  
  "@aws-sdk/credential-provider-sso@3.82.0":
    version "3.82.0"
    resolved "https://registry.yarnpkg.com/@aws-sdk/credential-provider-sso/-/credential-provider-sso-3.82.0.tgz#f00397e61588a80f2dbbf131bd17e5fd65a92d42"
    integrity sha512-cOIFD6dohrp/cz3bkT0rxbfHgNA4wXRtOciitbBpNnfxOdu51M9bp+XZFb3tdTfhE9fIr4Y+BGqF6AXWZkikLg==
    dependencies:
      "@aws-sdk/client-sso" "3.82.0"
      "@aws-sdk/property-provider" "3.78.0"
      "@aws-sdk/shared-ini-file-loader" "3.80.0"
      "@aws-sdk/types" "3.78.0"
      tslib "^2.3.1"
  
  "@aws-sdk/credential-provider-web-identity@3.78.0":
    version "3.78.0"
    resolved "https://registry.yarnpkg.com/@aws-sdk/credential-provider-web-identity/-/credential-provider-web-identity-3.78.0.tgz#61cc6c5c065de3d8d34b7633899e3bbfa9a24c9d"
    integrity sha512-9/IvqHdJaVqMEABA8xZE3t5YF1S2PepfckVu0Ws9YUglj6oO+2QyVX6aRgMF1xph6781+Yc31TDh8/3eaDja7w==
    dependencies:
      "@aws-sdk/property-provider" "3.78.0"
      "@aws-sdk/types" "3.78.0"
      tslib "^2.3.1"
  
  "@aws-sdk/endpoint-cache@3.55.0":
    version "3.55.0"
    resolved "https://registry.yarnpkg.com/@aws-sdk/endpoint-cache/-/endpoint-cache-3.55.0.tgz#b4be2cb363af005a67c2a6f938f06fcbbbbbccf8"
    integrity sha512-kxDoHFDuQwZEEUZRp+ZLOg68EXuKPzUN86DcpIZantDVcmu7MSPTbbQp9DZd8MnKVEKCP7Sop5f7zCqOPl3LXw==
    dependencies:
      mnemonist "0.38.3"
      tslib "^2.3.1"
  
  "@aws-sdk/fetch-http-handler@3.78.0":
    version "3.78.0"
    resolved "https://registry.yarnpkg.com/@aws-sdk/fetch-http-handler/-/fetch-http-handler-3.78.0.tgz#9cd4a02eaf015b4a5a18552e8c9e8fbfce7219a3"
    integrity sha512-cR6r2h2kJ1DNEZSXC6GknQB7OKmy+s9ZNV+g3AsNqkrUmNNOaHpFoSn+m6SC3qaclcGd0eQBpqzSu/TDn23Ihw==
    dependencies:
      "@aws-sdk/protocol-http" "3.78.0"
      "@aws-sdk/querystring-builder" "3.78.0"
      "@aws-sdk/types" "3.78.0"
      "@aws-sdk/util-base64-browser" "3.58.0"
      tslib "^2.3.1"
  
  "@aws-sdk/hash-node@3.78.0":
    version "3.78.0"
    resolved "https://registry.yarnpkg.com/@aws-sdk/hash-node/-/hash-node-3.78.0.tgz#d03f804a685bc1cea9df3eabf499b2a7659d01fd"
    integrity sha512-ev48yXaqZVtMeuKy52LUZPHCyKvkKQ9uiUebqkA+zFxIk+eN8SMPFHmsififIHWuS6ZkXBUSctjH9wmLebH60A==
    dependencies:
      "@aws-sdk/types" "3.78.0"
      "@aws-sdk/util-buffer-from" "3.55.0"
      tslib "^2.3.1"
  
  "@aws-sdk/invalid-dependency@3.78.0":
    version "3.78.0"
    resolved "https://registry.yarnpkg.com/@aws-sdk/invalid-dependency/-/invalid-dependency-3.78.0.tgz#c4e30871d69894dbf3450023319385110ce95c81"
    integrity sha512-zUo+PbeRMN/Mzj6y+6p9qqk/znuFetT1gmpOcZGL9Rp2T+b9WJWd+daq5ktsL10sVCzIt2UvneJRz6b+aU+bfw==
    dependencies:
      "@aws-sdk/types" "3.78.0"
      tslib "^2.3.1"
  
  "@aws-sdk/is-array-buffer@3.55.0":
    version "3.55.0"
    resolved "https://registry.yarnpkg.com/@aws-sdk/is-array-buffer/-/is-array-buffer-3.55.0.tgz#c46122c5636f01d5895e5256a587768c3425ea7a"
    integrity sha512-NbiPHVYuPxdqdFd6FxzzN3H1BQn/iWA3ri3Ry7AyLeP/tGs1yzEWMwf8BN8TSMALI0GXT6Sh0GDWy3Ok5xB6DA==
    dependencies:
      tslib "^2.3.1"
  
  "@aws-sdk/lib-dynamodb@3.82.0":
    version "3.82.0"
    resolved "https://registry.yarnpkg.com/@aws-sdk/lib-dynamodb/-/lib-dynamodb-3.82.0.tgz#9f625391f210d6a3d32de297a718afe0d3976211"
    integrity sha512-QPQme4HirCJBqXMjxd59ncTqfRZF1dqArT4aLXv18JkBb+chtTgfPm1dVgVfze3c63SzzGyOM3HDfvM+n7zrtw==
    dependencies:
      "@aws-sdk/util-dynamodb" "3.82.0"
      tslib "^2.3.1"
  
  "@aws-sdk/middleware-content-length@3.78.0":
    version "3.78.0"
    resolved "https://registry.yarnpkg.com/@aws-sdk/middleware-content-length/-/middleware-content-length-3.78.0.tgz#57d46be61d1176d4c5fce7ba4b0682798c170208"
    integrity sha512-5MpKt6lB9TdFy25/AGrpOjPY0iDHZAKpEHc+jSOJBXLl6xunXA7qHdiYaVqkWodLxy70nIckGNHqQ3drabidkA==
    dependencies:
      "@aws-sdk/protocol-http" "3.78.0"
      "@aws-sdk/types" "3.78.0"
      tslib "^2.3.1"
  
  "@aws-sdk/middleware-endpoint-discovery@3.80.0":
    version "3.80.0"
    resolved "https://registry.yarnpkg.com/@aws-sdk/middleware-endpoint-discovery/-/middleware-endpoint-discovery-3.80.0.tgz#4a96324020efb24eec75f6207949119c98e097a8"
    integrity sha512-73pKz8ossZKisG684raP1dn2u3fQRktWY29oa9Q3cBvRYdyu5UOhwayt2MObgSC8S6NfNdTGC/DGf7+/JRSY7A==
    dependencies:
      "@aws-sdk/config-resolver" "3.80.0"
      "@aws-sdk/endpoint-cache" "3.55.0"
      "@aws-sdk/protocol-http" "3.78.0"
      "@aws-sdk/types" "3.78.0"
      tslib "^2.3.1"
  
  "@aws-sdk/middleware-host-header@3.78.0":
    version "3.78.0"
    resolved "https://registry.yarnpkg.com/@aws-sdk/middleware-host-header/-/middleware-host-header-3.78.0.tgz#9130d176c2839bc658aff01bf2a36fee705f0e86"
    integrity sha512-1zL8uaDWGmH50c8B8jjz75e0ePj6/3QeZEhjJgTgL6DTdiqvRt32p3t+XWHW+yDI14fZZUYeTklAaLVxqFrHqQ==
    dependencies:
      "@aws-sdk/protocol-http" "3.78.0"
      "@aws-sdk/types" "3.78.0"
      tslib "^2.3.1"
  
  "@aws-sdk/middleware-logger@3.78.0":
    version "3.78.0"
    resolved "https://registry.yarnpkg.com/@aws-sdk/middleware-logger/-/middleware-logger-3.78.0.tgz#758b84711213b2e78afe0df20bc2d4d70a856da1"
    integrity sha512-GBhwxNjhCJUIeQQDaGasX/C23Jay77al2vRyGwmxf8no0DdFsa4J1Ik6/2hhIqkqko+WM4SpCnpZrY4MtnxNvA==
    dependencies:
      "@aws-sdk/types" "3.78.0"
      tslib "^2.3.1"
  
  "@aws-sdk/middleware-retry@3.80.0":
    version "3.80.0"
    resolved "https://registry.yarnpkg.com/@aws-sdk/middleware-retry/-/middleware-retry-3.80.0.tgz#d62ebd68ded78bdaf0a8b07bb4cc1c394c99cc8f"
    integrity sha512-CTk+tA4+WMUNOcUfR6UQrkhwvPYFpnMsQ1vuHlpLFOGG3nCqywA2hueLMRQmVcDXzP0sGeygce6dzRI9dJB/GA==
    dependencies:
      "@aws-sdk/protocol-http" "3.78.0"
      "@aws-sdk/service-error-classification" "3.78.0"
      "@aws-sdk/types" "3.78.0"
      "@aws-sdk/util-middleware" "3.78.0"
      tslib "^2.3.1"
      uuid "^8.3.2"
  
  "@aws-sdk/middleware-sdk-sts@3.78.0":
    version "3.78.0"
    resolved "https://registry.yarnpkg.com/@aws-sdk/middleware-sdk-sts/-/middleware-sdk-sts-3.78.0.tgz#15d91c421380f748b58bb006e1c398cfdf59b290"
    integrity sha512-Lu/kN0J0/Kt0ON1hvwNel+y8yvf35licfIgtedHbBCa/ju8qQ9j+uL9Lla6Y5Tqu29yVaye1JxhiIDhscSwrLA==
    dependencies:
      "@aws-sdk/middleware-signing" "3.78.0"
      "@aws-sdk/property-provider" "3.78.0"
      "@aws-sdk/protocol-http" "3.78.0"
      "@aws-sdk/signature-v4" "3.78.0"
      "@aws-sdk/types" "3.78.0"
      tslib "^2.3.1"
  
  "@aws-sdk/middleware-serde@3.78.0":
    version "3.78.0"
    resolved "https://registry.yarnpkg.com/@aws-sdk/middleware-serde/-/middleware-serde-3.78.0.tgz#d1e1a7b9ac58638b973e533ac4c2ca52f413883c"
    integrity sha512-4DPsNOxsl1bxRzfo1WXEZjmD7OEi7qGNpxrDWucVe96Fqj2dH08jR8wxvBIVV1e6bAad07IwdPuCGmivNvwRuQ==
    dependencies:
      "@aws-sdk/types" "3.78.0"
      tslib "^2.3.1"
  
  "@aws-sdk/middleware-signing@3.78.0":
    version "3.78.0"
    resolved "https://registry.yarnpkg.com/@aws-sdk/middleware-signing/-/middleware-signing-3.78.0.tgz#2fb41819a9ae0953cf8f428851a57696442469ca"
    integrity sha512-OEjJJCNhHHSOprLZ9CzjHIXEKFtPHWP/bG9pMhkV3/6Bmscsgcf8gWHcOnmIrjqX+hT1VALDNpl/RIh0J6/eQw==
    dependencies:
      "@aws-sdk/property-provider" "3.78.0"
      "@aws-sdk/protocol-http" "3.78.0"
      "@aws-sdk/signature-v4" "3.78.0"
      "@aws-sdk/types" "3.78.0"
      tslib "^2.3.1"
  
  "@aws-sdk/middleware-stack@3.78.0":
    version "3.78.0"
    resolved "https://registry.yarnpkg.com/@aws-sdk/middleware-stack/-/middleware-stack-3.78.0.tgz#e9f42039e500bed23ec74359924ae16e7bf9c77a"
    integrity sha512-UoNfRh6eAJN3BJHlG1eb+KeuSe+zARTC2cglroJRyHc2j7GxH2i9FD3IJbj5wvzopJEnQzuY/VCs6STFkqWL1g==
    dependencies:
      tslib "^2.3.1"
  
  "@aws-sdk/middleware-user-agent@3.78.0":
    version "3.78.0"
    resolved "https://registry.yarnpkg.com/@aws-sdk/middleware-user-agent/-/middleware-user-agent-3.78.0.tgz#e4c7345d26d718de0e84b60ba02b2b08b566fa15"
    integrity sha512-wdN5uoq8RxxhLhj0EPeuDSRFuXfUwKeEqRzCKMsYAOC0cAm+PryaP2leo0oTGJ9LUK8REK7zyfFcmtC4oOzlkA==
    dependencies:
      "@aws-sdk/protocol-http" "3.78.0"
      "@aws-sdk/types" "3.78.0"
      tslib "^2.3.1"
  
  "@aws-sdk/node-config-provider@3.80.0":
    version "3.80.0"
    resolved "https://registry.yarnpkg.com/@aws-sdk/node-config-provider/-/node-config-provider-3.80.0.tgz#dbb02aa48fb1a0acc3201ca73db5bbf1738895b5"
    integrity sha512-vyTOMK04huB7n10ZUv0thd2TE6KlY8livOuLqFTMtj99AJ6vyeB5XBNwKnQtJIt/P7CijYgp8KcFvI9fndOmKg==
    dependencies:
      "@aws-sdk/property-provider" "3.78.0"
      "@aws-sdk/shared-ini-file-loader" "3.80.0"
      "@aws-sdk/types" "3.78.0"
      tslib "^2.3.1"
  
  "@aws-sdk/node-http-handler@3.82.0":
    version "3.82.0"
    resolved "https://registry.yarnpkg.com/@aws-sdk/node-http-handler/-/node-http-handler-3.82.0.tgz#e28064815c6c6caf22a16bb7fee4e9e7e73ef3bb"
    integrity sha512-yyq/DA/IMzL4fLJhV7zVfP7aUQWPHfOKTCJjWB3KeV5YPiviJtSKb/KyzNi+gQyO7SmsL/8vQbQrf3/s7N/2OA==
    dependencies:
      "@aws-sdk/abort-controller" "3.78.0"
      "@aws-sdk/protocol-http" "3.78.0"
      "@aws-sdk/querystring-builder" "3.78.0"
      "@aws-sdk/types" "3.78.0"
      tslib "^2.3.1"
  
  "@aws-sdk/property-provider@3.78.0":
    version "3.78.0"
    resolved "https://registry.yarnpkg.com/@aws-sdk/property-provider/-/property-provider-3.78.0.tgz#f12341fa87da2b54daac95f623bf7ede1754f8ae"
    integrity sha512-PZpLvV0hF6lqg3CSN9YmphrB/t5LVJVWGJLB9d9qm7sJs5ksjTYBb5bY91OQ3zit0F4cqBMU8xt2GQ9J6d4DvQ==
    dependencies:
      "@aws-sdk/types" "3.78.0"
      tslib "^2.3.1"
  
  "@aws-sdk/protocol-http@3.78.0":
    version "3.78.0"
    resolved "https://registry.yarnpkg.com/@aws-sdk/protocol-http/-/protocol-http-3.78.0.tgz#8a30db90e3373fe94e2b0007c3cba47b5c9e08bd"
    integrity sha512-SQB26MhEK96yDxyXd3UAaxLz1Y/ZvgE4pzv7V3wZiokdEedM0kawHKEn1UQJlqJLEZcQI9QYyysh3rTvHZ3fyg==
    dependencies:
      "@aws-sdk/types" "3.78.0"
      tslib "^2.3.1"
  
  "@aws-sdk/querystring-builder@3.78.0":
    version "3.78.0"
    resolved "https://registry.yarnpkg.com/@aws-sdk/querystring-builder/-/querystring-builder-3.78.0.tgz#29068c4d1fad056e26f848779a31335469cb0038"
    integrity sha512-aib6RW1WAaTQDqVgRU1Ku9idkhm90gJKbCxVaGId+as6QHNUqMChEfK2v+0afuKiPNOs5uWmqvOXI9+Gt+UGDg==
    dependencies:
      "@aws-sdk/types" "3.78.0"
      "@aws-sdk/util-uri-escape" "3.55.0"
      tslib "^2.3.1"
  
  "@aws-sdk/querystring-parser@3.78.0":
    version "3.78.0"
    resolved "https://registry.yarnpkg.com/@aws-sdk/querystring-parser/-/querystring-parser-3.78.0.tgz#4c76fe15ef2e9bbf4c387c83889d1c25d2c3a614"
    integrity sha512-csaH8YTyN+KMNczeK6fBS8l7iJaqcQcKOIbpQFg5upX4Ly5A56HJn4sVQhY1LSgfSk4xRsNfMy5mu6BlsIiaXA==
    dependencies:
      "@aws-sdk/types" "3.78.0"
      tslib "^2.3.1"
  
  "@aws-sdk/service-error-classification@3.78.0":
    version "3.78.0"
    resolved "https://registry.yarnpkg.com/@aws-sdk/service-error-classification/-/service-error-classification-3.78.0.tgz#8d3ac1064e39c180d9b764bb838c7f9de5615281"
    integrity sha512-x7Lx8KWctJa01q4Q72Zb4ol9L/era3vy2daASu8l2paHHxsAPBE0PThkvLdUSLZSzlHSVdh3YHESIsT++VsK4w==
  
  "@aws-sdk/shared-ini-file-loader@3.80.0":
    version "3.80.0"
    resolved "https://registry.yarnpkg.com/@aws-sdk/shared-ini-file-loader/-/shared-ini-file-loader-3.80.0.tgz#e3d1b0532e9a884e52f967717ba2666ca32bbd74"
    integrity sha512-3d5EBJjnWWkjLK9skqLLHYbagtFaZZy+3jUTlbTuOKhlOwe8jF7CUM3j6I4JA6yXNcB3w0exDKKHa8w+l+05aA==
    dependencies:
      tslib "^2.3.1"
  
  "@aws-sdk/signature-v4@3.78.0":
    version "3.78.0"
    resolved "https://registry.yarnpkg.com/@aws-sdk/signature-v4/-/signature-v4-3.78.0.tgz#adb735b9604d4bb8e44d16f1baa87618d576013b"
    integrity sha512-eePjRYuzKoi3VMr/lgrUEF1ytLeH4fA/NMCykr/uR6NMo4bSJA59KrFLYSM7SlWLRIyB0UvJqygVEvSxFluyDw==
    dependencies:
      "@aws-sdk/is-array-buffer" "3.55.0"
      "@aws-sdk/types" "3.78.0"
      "@aws-sdk/util-hex-encoding" "3.58.0"
      "@aws-sdk/util-middleware" "3.78.0"
      "@aws-sdk/util-uri-escape" "3.55.0"
      tslib "^2.3.1"
  
  "@aws-sdk/smithy-client@3.78.0":
    version "3.78.0"
    resolved "https://registry.yarnpkg.com/@aws-sdk/smithy-client/-/smithy-client-3.78.0.tgz#76a7661c044685dc5e092caf2e4d7c2b6e53433d"
    integrity sha512-qweaupZtFPm9rFiEgErnVNgB6co/DylJfhC6/UImHBKa7mGzxv6t2JDm6+d8fs8cNnGNXozN+jJG8Lz6C8Roxw==
    dependencies:
      "@aws-sdk/middleware-stack" "3.78.0"
      "@aws-sdk/types" "3.78.0"
      tslib "^2.3.1"
  
  "@aws-sdk/types@3.78.0":
    version "3.78.0"
    resolved "https://registry.yarnpkg.com/@aws-sdk/types/-/types-3.78.0.tgz#51dc80b2142ee20821fb9f476bdca6e541021443"
    integrity sha512-I9PTlVNSbwhIgMfmDM5as1tqRIkVZunjVmfogb2WVVPp4CaX0Ll01S0FSMSLL9k6tcQLXqh45pFRjrxCl9WKdQ==
  
  "@aws-sdk/types@^3.1.0":
    version "3.127.0"
    resolved "https://registry.yarnpkg.com/@aws-sdk/types/-/types-3.127.0.tgz#a7bafc47ee2328eee2453087521e6c3a39e7278d"
    integrity sha512-e0wtx2IkOl7rwfKfLH5pPTzQ+d45V7b1WrjeL0WDI8kOu6w+sXmhNxI6uM2kf0k4NiTLN84lW290AEWupey9Og==
  
  "@aws-sdk/url-parser@3.78.0":
    version "3.78.0"
    resolved "https://registry.yarnpkg.com/@aws-sdk/url-parser/-/url-parser-3.78.0.tgz#8903011fda4b04c1207df099a21eda1304573099"
    integrity sha512-iQn2AjECUoJE0Ae9XtgHtGGKvUkvE8hhbktGopdj+zsPBe4WrBN2DgVxlKPPrBonG/YlcL1D7a5EXaujWSlUUw==
    dependencies:
      "@aws-sdk/querystring-parser" "3.78.0"
      "@aws-sdk/types" "3.78.0"
      tslib "^2.3.1"
  
  "@aws-sdk/util-base64-browser@3.58.0":
    version "3.58.0"
    resolved "https://registry.yarnpkg.com/@aws-sdk/util-base64-browser/-/util-base64-browser-3.58.0.tgz#e213f91a5d40dd2d048d340f1ab192ca86c1f40c"
    integrity sha512-0ebsXIZNpu/fup9OgsFPnRKfCFbuuI9PPRzvP6twzLxUB0c/aix6Co7LGHFKcRKHZdaykoJMXArf8eHj2Nzv1Q==
    dependencies:
      tslib "^2.3.1"
  
  "@aws-sdk/util-base64-node@3.55.0":
    version "3.55.0"
    resolved "https://registry.yarnpkg.com/@aws-sdk/util-base64-node/-/util-base64-node-3.55.0.tgz#da9a3fd6752be49163572144793e6b23d0186ff4"
    integrity sha512-UQ/ZuNoAc8CFMpSiRYmevaTsuRKzLwulZTnM8LNlIt9Wx1tpNvqp80cfvVj7yySKROtEi20wq29h31dZf1eYNQ==
    dependencies:
      "@aws-sdk/util-buffer-from" "3.55.0"
      tslib "^2.3.1"
  
  "@aws-sdk/util-body-length-browser@3.55.0":
    version "3.55.0"
    resolved "https://registry.yarnpkg.com/@aws-sdk/util-body-length-browser/-/util-body-length-browser-3.55.0.tgz#9c2637097501032f6a1afddb76687415fe9b44b6"
    integrity sha512-Ei2OCzXQw5N6ZkTMZbamUzc1z+z1R1Ja5tMEagz5BxuX4vWdBObT+uGlSzL8yvTbjoPjnxWA2aXyEqaUP3JS8Q==
    dependencies:
      tslib "^2.3.1"
  
  "@aws-sdk/util-body-length-node@3.55.0":
    version "3.55.0"
    resolved "https://registry.yarnpkg.com/@aws-sdk/util-body-length-node/-/util-body-length-node-3.55.0.tgz#67049bbb6c62d794a1bb5a13b9a678988c925489"
    integrity sha512-lU1d4I+9wJwydduXs0SxSfd+mHKjxeyd39VwOv6i2KSwWkPbji9UQqpflKLKw+r45jL7+xU/zfeTUg5Tt/3Gew==
    dependencies:
      tslib "^2.3.1"
  
  "@aws-sdk/util-buffer-from@3.55.0":
    version "3.55.0"
    resolved "https://registry.yarnpkg.com/@aws-sdk/util-buffer-from/-/util-buffer-from-3.55.0.tgz#e7c927974b07a29502aa1ad58509b91d0d7cf0f7"
    integrity sha512-uVzKG1UgvnV7XX2FPTylBujYMKBPBaq/qFBxfl0LVNfrty7YjpfieQxAe6yRLD+T0Kir/WDQwGvYC+tOYG3IGA==
    dependencies:
      "@aws-sdk/is-array-buffer" "3.55.0"
      tslib "^2.3.1"
  
  "@aws-sdk/util-config-provider@3.55.0":
    version "3.55.0"
    resolved "https://registry.yarnpkg.com/@aws-sdk/util-config-provider/-/util-config-provider-3.55.0.tgz#720c6c0ac1aa8d14be29d1dee25e01eb4925c0ce"
    integrity sha512-30dzofQQfx6tp1jVZkZ0DGRsT0wwC15nEysKRiAcjncM64A0Cm6sra77d0os3vbKiKoPCI/lMsFr4o3533+qvQ==
    dependencies:
      tslib "^2.3.1"
  
  "@aws-sdk/util-defaults-mode-browser@3.78.0":
    version "3.78.0"
    resolved "https://registry.yarnpkg.com/@aws-sdk/util-defaults-mode-browser/-/util-defaults-mode-browser-3.78.0.tgz#e387d2efb2fa2e7b02a2a68216efbb5a2f4861e7"
    integrity sha512-fsKEqlRbrztjpdTsMbZTlWxFpo3Av9QeYYpJuFaZbwfE0ElzinUU54kKwUrKbi60HRroQV+itoUNj3JogQDeHw==
    dependencies:
      "@aws-sdk/property-provider" "3.78.0"
      "@aws-sdk/types" "3.78.0"
      bowser "^2.11.0"
      tslib "^2.3.1"
  
  "@aws-sdk/util-defaults-mode-node@3.81.0":
    version "3.81.0"
    resolved "https://registry.yarnpkg.com/@aws-sdk/util-defaults-mode-node/-/util-defaults-mode-node-3.81.0.tgz#b12528db025196177d27e3ddf60461b4af7b53b5"
    integrity sha512-+7YOtl+TxF08oXt2h/ONP5qk6ZZg6GaO1YSAdpjIfco4odhpy7N2AlEGSX0jZyP6Zbfi+8N7yihBa4sOuOf+Cw==
    dependencies:
      "@aws-sdk/config-resolver" "3.80.0"
      "@aws-sdk/credential-provider-imds" "3.81.0"
      "@aws-sdk/node-config-provider" "3.80.0"
      "@aws-sdk/property-provider" "3.78.0"
      "@aws-sdk/types" "3.78.0"
      tslib "^2.3.1"
  
  "@aws-sdk/util-dynamodb@3.82.0":
    version "3.82.0"
    resolved "https://registry.yarnpkg.com/@aws-sdk/util-dynamodb/-/util-dynamodb-3.82.0.tgz#dfd40e9494e1f3cae77e6c14660f558938294a61"
    integrity sha512-uzFcs5O0lnReJTYvJNCDuwAP3O6Tcl0uLhGPIy0JRJwT02WT1ZdRbB8Y/H73A2WvKIzYyWh0gWpy0Bqu8wehXw==
    dependencies:
      tslib "^2.3.1"
  
  "@aws-sdk/util-hex-encoding@3.58.0":
    version "3.58.0"
    resolved "https://registry.yarnpkg.com/@aws-sdk/util-hex-encoding/-/util-hex-encoding-3.58.0.tgz#d999eb19329933a94563881540a06d7ac7f515f5"
    integrity sha512-Rl+jXUzk/FJkOLYfUVYPhKa2aUmTpeobRP31l8IatQltSzDgLyRHO35f6UEs7Ztn5s1jbu/POatLAZ2WjbgVyg==
    dependencies:
      tslib "^2.3.1"
  
  "@aws-sdk/util-locate-window@^3.0.0":
    version "3.55.0"
    resolved "https://registry.yarnpkg.com/@aws-sdk/util-locate-window/-/util-locate-window-3.55.0.tgz#a4136a20ee1bfcb73967a6614caf769ef79db070"
    integrity sha512-0sPmK2JaJE2BbTcnvybzob/VrFKCXKfN4CUKcvn0yGg/me7Bz+vtzQRB3Xp+YSx+7OtWxzv63wsvHoAnXvgxgg==
    dependencies:
      tslib "^2.3.1"
  
  "@aws-sdk/util-middleware@3.78.0":
    version "3.78.0"
    resolved "https://registry.yarnpkg.com/@aws-sdk/util-middleware/-/util-middleware-3.78.0.tgz#d907a9b8b7878265cd3e3ee15996bc17de41db11"
    integrity sha512-Hi3wv2b0VogO4mzyeEaeU5KgIt4qeo0LXU5gS6oRrG0T7s2FyKbMBkJW3YDh/Y8fNwqArZ+/QQFujpP0PIKwkA==
    dependencies:
      tslib "^2.3.1"
  
  "@aws-sdk/util-uri-escape@3.55.0":
    version "3.55.0"
    resolved "https://registry.yarnpkg.com/@aws-sdk/util-uri-escape/-/util-uri-escape-3.55.0.tgz#ee57743c628a1c9f942dfe73205ce890ec011916"
    integrity sha512-mmdDLUpFCN2nkfwlLdOM54lTD528GiGSPN1qb8XtGLgZsJUmg3uJSFIN2lPeSbEwJB3NFjVas/rnQC48i7mV8w==
    dependencies:
      tslib "^2.3.1"
  
  "@aws-sdk/util-user-agent-browser@3.78.0":
    version "3.78.0"
    resolved "https://registry.yarnpkg.com/@aws-sdk/util-user-agent-browser/-/util-user-agent-browser-3.78.0.tgz#12509ed9cc77624da0e0c017099565e37a5038d0"
    integrity sha512-diGO/Bf4ggBOEnfD7lrrXaaXOwOXGz0bAJ0HhpizwEMlBld5zfDlWXjNpslh+8+u3EHRjPJQ16KGT6mp/Dm+aw==
    dependencies:
      "@aws-sdk/types" "3.78.0"
      bowser "^2.11.0"
      tslib "^2.3.1"
  
  "@aws-sdk/util-user-agent-node@3.80.0":
    version "3.80.0"
    resolved "https://registry.yarnpkg.com/@aws-sdk/util-user-agent-node/-/util-user-agent-node-3.80.0.tgz#269ea0f9bfab4f378af759afa9137936081f010a"
    integrity sha512-QV26qIXws1m6sZXg65NS+XrQ5NhAzbDVQLtEVE4nC39UN8fuieP6Uet/gZm9mlLI9hllwvcV7EfgBM3GSC7pZg==
    dependencies:
      "@aws-sdk/node-config-provider" "3.80.0"
      "@aws-sdk/types" "3.78.0"
      tslib "^2.3.1"
  
  "@aws-sdk/util-utf8-browser@3.55.0":
    version "3.55.0"
    resolved "https://registry.yarnpkg.com/@aws-sdk/util-utf8-browser/-/util-utf8-browser-3.55.0.tgz#a045bf1a93f6e0ff9c846631b168ea55bbb37668"
    integrity sha512-ljzqJcyjfJpEVSIAxwtIS8xMRUly84BdjlBXyp6cu4G8TUufgjNS31LWdhyGhgmW5vYBNr+LTz0Kwf6J+ou7Ug==
    dependencies:
      tslib "^2.3.1"
  
  "@aws-sdk/util-utf8-browser@^3.0.0":
    version "3.109.0"
    resolved "https://registry.yarnpkg.com/@aws-sdk/util-utf8-browser/-/util-utf8-browser-3.109.0.tgz#d013272e1981b23a4c84ac06f154db686c0cf84e"
    integrity sha512-FmcGSz0v7Bqpl1SE8G1Gc0CtDpug+rvqNCG/szn86JApD/f5x8oByjbEiAyTU2ZH2VevUntx6EW68ulHyH+x+w==
    dependencies:
      tslib "^2.3.1"
  
  "@aws-sdk/util-utf8-node@3.55.0":
    version "3.55.0"
    resolved "https://registry.yarnpkg.com/@aws-sdk/util-utf8-node/-/util-utf8-node-3.55.0.tgz#44cf9f9c8624d144afd65ab8a1786e33134add15"
    integrity sha512-FsFm7GFaC7j0tlPEm/ri8bU2QCwFW5WKjxUg8lm1oWaxplCpKGUsmcfPJ4sw58GIoyoGu4QXBK60oCWosZYYdQ==
    dependencies:
      "@aws-sdk/util-buffer-from" "3.55.0"
      tslib "^2.3.1"
  
  "@aws-sdk/util-waiter@3.78.0":
    version "3.78.0"
    resolved "https://registry.yarnpkg.com/@aws-sdk/util-waiter/-/util-waiter-3.78.0.tgz#5886f3e06ae6df9a12ef7079a6e75c76921ea4da"
    integrity sha512-8pWd0XiNOS8AkWQyac8VNEI+gz/cGWlC2TAE2CJp0rOK5XhvlcNBINai4D6TxQ+9foyJXLOI1b8nuXemekoG8A==
    dependencies:
      "@aws-sdk/abort-controller" "3.78.0"
      "@aws-sdk/types" "3.78.0"
      tslib "^2.3.1"
  
  "@nodelib/fs.scandir@2.1.5":
    version "2.1.5"
    resolved "https://registry.yarnpkg.com/@nodelib/fs.scandir/-/fs.scandir-2.1.5.tgz#7619c2eb21b25483f6d167548b4cfd5a7488c3d5"
    integrity sha512-vq24Bq3ym5HEQm2NKCr3yXDwjc7vTsEThRDnkp2DK9p1uqLR+DHurm/NOTo0KG7HYHU7eppKZj3MyqYuMBf62g==
    dependencies:
      "@nodelib/fs.stat" "2.0.5"
      run-parallel "^1.1.9"
  
  "@nodelib/fs.stat@2.0.5", "@nodelib/fs.stat@^2.0.2":
    version "2.0.5"
    resolved "https://registry.yarnpkg.com/@nodelib/fs.stat/-/fs.stat-2.0.5.tgz#5bd262af94e9d25bd1e71b05deed44876a222e8b"
    integrity sha512-RkhPPp2zrqDAQA/2jNhnztcPAlv64XdhIp7a7454A5ovI7Bukxgt7MX7udwAu3zg1DcpPU0rz3VV1SeaqvY4+A==
  
  "@nodelib/fs.walk@^1.2.3":
    version "1.2.8"
    resolved "https://registry.yarnpkg.com/@nodelib/fs.walk/-/fs.walk-1.2.8.tgz#e95737e8bb6746ddedf69c556953494f196fe69a"
    integrity sha512-oGB+UxlgWcgQkgwo8GcEGwemoTFt3FIO9ababBmaGwXIoBKZ+GTy0pP185beGg7Llih/NSHSV2XAs1lnznocSg==
    dependencies:
      "@nodelib/fs.scandir" "2.1.5"
      fastq "^1.6.0"
  
  "@tsconfig/node16@^1.0.3":
    version "1.0.3"
    resolved "https://registry.yarnpkg.com/@tsconfig/node16/-/node16-1.0.3.tgz#472eaab5f15c1ffdd7f8628bd4c4f753995ec79e"
    integrity sha512-yOlFc+7UtL/89t2ZhjPvvB/DeAr3r+Dq58IgzsFkOAvVC6NMJXmCGjbptdXdR9qsX7pKcTL+s87FtYREi2dEEQ==
  
  "@types/json-schema@^7.0.9":
    version "7.0.11"
    resolved "https://registry.yarnpkg.com/@types/json-schema/-/json-schema-7.0.11.tgz#d421b6c527a3037f7c84433fd2c4229e016863d3"
    integrity sha512-wOuvG1SN4Us4rez+tylwwwCV1psiNVOkJeM3AUWUNWg/jDQY2+HE/444y5gc+jBmRqASOm2Oeh5c1axHobwRKQ==
  
  "@types/node@^18.6.2":
    version "18.6.2"
    resolved "https://registry.yarnpkg.com/@types/node/-/node-18.6.2.tgz#ffc5f0f099d27887c8d9067b54e55090fcd54126"
    integrity sha512-KcfkBq9H4PI6Vpu5B/KoPeuVDAbmi+2mDBqGPGUgoL7yXQtcWGu2vJWmmRkneWK3Rh0nIAX192Aa87AqKHYChQ==
  
  "@typescript-eslint/eslint-plugin@^5.31.0":
    version "5.31.0"
    resolved "https://registry.yarnpkg.com/@typescript-eslint/eslint-plugin/-/eslint-plugin-5.31.0.tgz#cae1967b1e569e6171bbc6bec2afa4e0c8efccfe"
    integrity sha512-VKW4JPHzG5yhYQrQ1AzXgVgX8ZAJEvCz0QI6mLRX4tf7rnFfh5D8SKm0Pq6w5PyNfAWJk6sv313+nEt3ohWMBQ==
    dependencies:
      "@typescript-eslint/scope-manager" "5.31.0"
      "@typescript-eslint/type-utils" "5.31.0"
      "@typescript-eslint/utils" "5.31.0"
      debug "^4.3.4"
      functional-red-black-tree "^1.0.1"
      ignore "^5.2.0"
      regexpp "^3.2.0"
      semver "^7.3.7"
      tsutils "^3.21.0"
  
  "@typescript-eslint/parser@^5.31.0":
    version "5.31.0"
    resolved "https://registry.yarnpkg.com/@typescript-eslint/parser/-/parser-5.31.0.tgz#7f42d7dcc68a0a6d80a0f3d9a65063aee7bb8d2c"
    integrity sha512-UStjQiZ9OFTFReTrN+iGrC6O/ko9LVDhreEK5S3edmXgR396JGq7CoX2TWIptqt/ESzU2iRKXAHfSF2WJFcWHw==
    dependencies:
      "@typescript-eslint/scope-manager" "5.31.0"
      "@typescript-eslint/types" "5.31.0"
      "@typescript-eslint/typescript-estree" "5.31.0"
      debug "^4.3.4"
  
  "@typescript-eslint/scope-manager@5.31.0":
    version "5.31.0"
    resolved "https://registry.yarnpkg.com/@typescript-eslint/scope-manager/-/scope-manager-5.31.0.tgz#f47a794ba84d9b818ab7f8f44fff55a61016c606"
    integrity sha512-8jfEzBYDBG88rcXFxajdVavGxb5/XKXyvWgvD8Qix3EEJLCFIdVloJw+r9ww0wbyNLOTYyBsR+4ALNGdlalLLg==
    dependencies:
      "@typescript-eslint/types" "5.31.0"
      "@typescript-eslint/visitor-keys" "5.31.0"
  
  "@typescript-eslint/type-utils@5.31.0":
    version "5.31.0"
    resolved "https://registry.yarnpkg.com/@typescript-eslint/type-utils/-/type-utils-5.31.0.tgz#70a0b7201360b5adbddb0c36080495aa08f6f3d9"
    integrity sha512-7ZYqFbvEvYXFn9ax02GsPcEOmuWNg+14HIf4q+oUuLnMbpJ6eHAivCg7tZMVwzrIuzX3QCeAOqKoyMZCv5xe+w==
    dependencies:
      "@typescript-eslint/utils" "5.31.0"
      debug "^4.3.4"
      tsutils "^3.21.0"
  
  "@typescript-eslint/types@5.31.0":
    version "5.31.0"
    resolved "https://registry.yarnpkg.com/@typescript-eslint/types/-/types-5.31.0.tgz#7aa389122b64b18e473c1672fb3b8310e5f07a9a"
    integrity sha512-/f/rMaEseux+I4wmR6mfpM2wvtNZb1p9hAV77hWfuKc3pmaANp5dLAZSiE3/8oXTYTt3uV9KW5yZKJsMievp6g==
  
  "@typescript-eslint/typescript-estree@5.31.0":
    version "5.31.0"
    resolved "https://registry.yarnpkg.com/@typescript-eslint/typescript-estree/-/typescript-estree-5.31.0.tgz#eb92970c9d6e3946690d50c346fb9b1d745ee882"
    integrity sha512-3S625TMcARX71wBc2qubHaoUwMEn+l9TCsaIzYI/ET31Xm2c9YQ+zhGgpydjorwQO9pLfR/6peTzS/0G3J/hDw==
    dependencies:
      "@typescript-eslint/types" "5.31.0"
      "@typescript-eslint/visitor-keys" "5.31.0"
      debug "^4.3.4"
      globby "^11.1.0"
      is-glob "^4.0.3"
      semver "^7.3.7"
      tsutils "^3.21.0"
  
  "@typescript-eslint/utils@5.31.0":
    version "5.31.0"
    resolved "https://registry.yarnpkg.com/@typescript-eslint/utils/-/utils-5.31.0.tgz#e146fa00dca948bfe547d665b2138a2dc1b79acd"
    integrity sha512-kcVPdQS6VIpVTQ7QnGNKMFtdJdvnStkqS5LeALr4rcwx11G6OWb2HB17NMPnlRHvaZP38hL9iK8DdE9Fne7NYg==
    dependencies:
      "@types/json-schema" "^7.0.9"
      "@typescript-eslint/scope-manager" "5.31.0"
      "@typescript-eslint/types" "5.31.0"
      "@typescript-eslint/typescript-estree" "5.31.0"
      eslint-scope "^5.1.1"
      eslint-utils "^3.0.0"
  
  "@typescript-eslint/visitor-keys@5.31.0":
    version "5.31.0"
    resolved "https://registry.yarnpkg.com/@typescript-eslint/visitor-keys/-/visitor-keys-5.31.0.tgz#b0eca264df01ce85dceb76aebff3784629258f54"
    integrity sha512-ZK0jVxSjS4gnPirpVjXHz7mgdOsZUHzNYSfTw2yPa3agfbt9YfqaBiBZFSSxeBWnpWkzCxTfUpnzA3Vily/CSg==
    dependencies:
      "@typescript-eslint/types" "5.31.0"
      eslint-visitor-keys "^3.3.0"
  
  abbrev@1:
    version "1.1.1"
    resolved "https://registry.yarnpkg.com/abbrev/-/abbrev-1.1.1.tgz#f8f2c887ad10bf67f634f005b6987fed3179aac8"
    integrity sha512-nne9/IiQ/hzIhY6pdDnbBtz7DjPTKrY00P/zvPSm5pOFkl6xuGrGnXn/VtTNNfNtAfZ9/1RtehkszU9qcTii0Q==
  
  ansi-escapes@^4.3.0:
    version "4.3.2"
    resolved "https://registry.yarnpkg.com/ansi-escapes/-/ansi-escapes-4.3.2.tgz#6b2291d1db7d98b6521d5f1efa42d0f3a9feb65e"
    integrity sha512-gKXj5ALrKWQLsYG9jlTRmR/xKluxHV+Z9QEwNIgCfM1/uwPMCuzVVnh5mwTd+OuBZcwSIMbqssNWRm1lE51QaQ==
    dependencies:
      type-fest "^0.21.3"
  
  ansi-regex@^5.0.1:
    version "5.0.1"
    resolved "https://registry.yarnpkg.com/ansi-regex/-/ansi-regex-5.0.1.tgz#082cb2c89c9fe8659a311a53bd6a4dc5301db304"
    integrity sha512-quJQXlTSUGL2LH9SUXo8VwsY4soanhgo6LNSm84E1LBcE8s3O0wpdiRzyR9z/ZZJMlMWv37qOOb9pdJlMUEKFQ==
  
  ansi-styles@^4.0.0, ansi-styles@^4.1.0:
    version "4.3.0"
    resolved "https://registry.yarnpkg.com/ansi-styles/-/ansi-styles-4.3.0.tgz#edd803628ae71c04c85ae7a0906edad34b648937"
    integrity sha512-zbB9rCJAT1rbjiVDb2hqKFHNYLxgtk8NURxZ3IZwD3F6NtxbXZQCnnSi1Lkx+IDohdPlFp222wVALIheZJQSEg==
    dependencies:
      color-convert "^2.0.1"
  
  anymatch@~3.1.2:
    version "3.1.2"
    resolved "https://registry.yarnpkg.com/anymatch/-/anymatch-3.1.2.tgz#c0557c096af32f106198f4f4e2a383537e378716"
    integrity sha512-P43ePfOAIupkguHUycrc4qJ9kz8ZiuOUijaETwX7THt0Y/GNK7v0aa8rY816xWjZ7rJdA5XdMcpVFTKMq+RvWg==
    dependencies:
      normalize-path "^3.0.0"
      picomatch "^2.0.4"
  
  array-union@^2.1.0:
    version "2.1.0"
    resolved "https://registry.yarnpkg.com/array-union/-/array-union-2.1.0.tgz#b798420adbeb1de828d84acd8a2e23d3efe85e8d"
    integrity sha512-HGyxoOTYUyCM6stUe6EJgnd4EoewAI7zMdfqO+kGjnlZmBDz/cR5pf8r/cR4Wq60sL/p0IkcjUEEPwS3GFrIyw==
  
  astral-regex@^2.0.0:
    version "2.0.0"
    resolved "https://registry.yarnpkg.com/astral-regex/-/astral-regex-2.0.0.tgz#483143c567aeed4785759c0865786dc77d7d2e31"
    integrity sha512-Z7tMw1ytTXt5jqMcOP+OQteU1VuNK9Y02uuJtKQ1Sv69jXQKKg5cibLwGJow8yzZP+eAc18EmLGPal0bp36rvQ==
  
  asynckit@^0.4.0:
    version "0.4.0"
    resolved "https://registry.yarnpkg.com/asynckit/-/asynckit-0.4.0.tgz#c79ed97f7f34cb8f2ba1bc9790bcc366474b4b79"
    integrity sha512-Oei9OH4tRh0YqU3GxhX79dM/mwVgvbZJaSNaRk+bshkj0S5cfHcgYakreBjrHwatXKbz+IoIdYLxrKim2MjW0Q==
  
  axios@^0.27.2:
    version "0.27.2"
    resolved "https://registry.yarnpkg.com/axios/-/axios-0.27.2.tgz#207658cc8621606e586c85db4b41a750e756d972"
    integrity sha512-t+yRIyySRTp/wua5xEr+z1q60QmLq8ABsS5O9Me1AsE5dfKqgnCFzwiCZZ/cGNd1lq4/7akDWMxdhVlucjmnOQ==
    dependencies:
      follow-redirects "^1.14.9"
      form-data "^4.0.0"
  
  balanced-match@^1.0.0:
    version "1.0.2"
    resolved "https://registry.yarnpkg.com/balanced-match/-/balanced-match-1.0.2.tgz#e83e3a7e3f300b34cb9d87f615fa0cbf357690ee"
    integrity sha512-3oSeUO0TMV67hN1AmbXsK4yaqU7tjiHlbxRDZOpH0KW9+CeX4bRAaX0Anxt0tx2MrpRpWwQaPwIlISEJhYU5Pw==
  
  binary-extensions@^2.0.0:
    version "2.2.0"
    resolved "https://registry.yarnpkg.com/binary-extensions/-/binary-extensions-2.2.0.tgz#75f502eeaf9ffde42fc98829645be4ea76bd9e2d"
    integrity sha512-jDctJ/IVQbZoJykoeHbhXpOlNBqGNcwXJKJog42E5HDPUwQTSdjCHdihjj0DlnheQ7blbT6dHOafNAiS8ooQKA==
  
  bowser@^2.11.0:
    version "2.11.0"
    resolved "https://registry.yarnpkg.com/bowser/-/bowser-2.11.0.tgz#5ca3c35757a7aa5771500c70a73a9f91ef420a8f"
    integrity sha512-AlcaJBi/pqqJBIQ8U9Mcpc9i8Aqxn88Skv5d+xBX006BY5u8N3mGLHa5Lgppa7L/HfwgwLgZ6NYs+Ag6uUmJRA==
  
  brace-expansion@^1.1.7:
    version "1.1.11"
    resolved "https://registry.yarnpkg.com/brace-expansion/-/brace-expansion-1.1.11.tgz#3c7fcbf529d87226f3d2f52b966ff5271eb441dd"
    integrity sha512-iCuPHDFgrHX7H2vEI/5xpz07zSHB00TpugqhmYtVmMO6518mCuRMoOYFldEBl0g187ufozdaHgWKcYFb61qGiA==
    dependencies:
      balanced-match "^1.0.0"
      concat-map "0.0.1"
  
  braces@^3.0.2, braces@~3.0.2:
    version "3.0.2"
    resolved "https://registry.yarnpkg.com/braces/-/braces-3.0.2.tgz#3454e1a462ee8d599e236df336cd9ea4f8afe107"
    integrity sha512-b8um+L1RzM3WDSzvhm6gIz1yfTbBt6YTlcEKAvsmqCZZFw46z626lVj9j1yEPW33H5H+lBQpZMP1k8l+78Ha0A==
    dependencies:
      fill-range "^7.0.1"
  
  call-bind@^1.0.0:
    version "1.0.2"
    resolved "https://registry.yarnpkg.com/call-bind/-/call-bind-1.0.2.tgz#b1d4e89e688119c3c9a903ad30abb2f6a919be3c"
    integrity sha512-7O+FbCihrB5WGbFYesctwmTKae6rOiIzmz1icreWJ+0aA7LJfuqhEso2T9ncpcFtzMQtzXf2QGGueWJGTYsqrA==
    dependencies:
      function-bind "^1.1.1"
      get-intrinsic "^1.0.2"
  
  chalk@^4.1.0:
    version "4.1.2"
    resolved "https://registry.yarnpkg.com/chalk/-/chalk-4.1.2.tgz#aac4e2b7734a740867aeb16bf02aad556a1e7a01"
    integrity sha512-oKnbhFyRIXpUuez8iBMmyEa4nbj4IOQyuhc/wy9kY7/WVPcwIO9VA668Pu8RkO7+0G76SLROeyw9CpQ061i4mA==
    dependencies:
      ansi-styles "^4.1.0"
      supports-color "^7.1.0"
  
  charenc@0.0.2:
    version "0.0.2"
    resolved "https://registry.yarnpkg.com/charenc/-/charenc-0.0.2.tgz#c0a1d2f3a7092e03774bfa83f14c0fc5790a8667"
    integrity sha512-yrLQ/yVUFXkzg7EDQsPieE/53+0RlaWTs+wBrvW36cyilJ2SaDWfl4Yj7MtLTXleV9uEKefbAGUPv2/iWSooRA==
  
  chokidar@^3.5.2:
    version "3.5.3"
    resolved "https://registry.yarnpkg.com/chokidar/-/chokidar-3.5.3.tgz#1cf37c8707b932bd1af1ae22c0432e2acd1903bd"
    integrity sha512-Dr3sfKRP6oTcjf2JmUmFJfeVMvXBdegxB0iVQ5eb2V10uFJUCAS8OByZdVAyVb8xXNz3GjjTgj9kLWsZTqE6kw==
    dependencies:
      anymatch "~3.1.2"
      braces "~3.0.2"
      glob-parent "~5.1.2"
      is-binary-path "~2.1.0"
      is-glob "~4.0.1"
      normalize-path "~3.0.0"
      readdirp "~3.6.0"
    optionalDependencies:
      fsevents "~2.3.2"
  
  cli-cursor@^3.1.0:
    version "3.1.0"
    resolved "https://registry.yarnpkg.com/cli-cursor/-/cli-cursor-3.1.0.tgz#264305a7ae490d1d03bf0c9ba7c925d1753af307"
    integrity sha512-I/zHAwsKf9FqGoXM4WWRACob9+SNukZTd94DWF57E4toouRulbCxcUh6RKUEOQlYTHJnzkPMySvPNaaSLNfLZw==
    dependencies:
      restore-cursor "^3.1.0"
  
  cliui@^7.0.2:
    version "7.0.4"
    resolved "https://registry.yarnpkg.com/cliui/-/cliui-7.0.4.tgz#a0265ee655476fc807aea9df3df8df7783808b4f"
    integrity sha512-OcRE68cOsVMXp1Yvonl/fzkQOyjLSu/8bhPDfQt0e0/Eb283TKP20Fs2MqoPsr9SwA595rRCA+QMzYc9nBP+JQ==
    dependencies:
      string-width "^4.2.0"
      strip-ansi "^6.0.0"
      wrap-ansi "^7.0.0"
  
  color-convert@^2.0.1:
    version "2.0.1"
    resolved "https://registry.yarnpkg.com/color-convert/-/color-convert-2.0.1.tgz#72d3a68d598c9bdb3af2ad1e84f21d896abd4de3"
    integrity sha512-RRECPsj7iu/xb5oKYcsFHSppFNnsj/52OVTRKb4zP5onXwVF3zVmmToNcOfGC+CRDpfK/U584fMg38ZHCaElKQ==
    dependencies:
      color-name "~1.1.4"
  
  color-name@~1.1.4:
    version "1.1.4"
    resolved "https://registry.yarnpkg.com/color-name/-/color-name-1.1.4.tgz#c2a09a87acbde69543de6f63fa3995c826c536a2"
    integrity sha512-dOy+3AuW3a2wNbZHIuMZpTcgjGuLU/uBL/ubcZF9OXbDo8ff4O8yVp5Bf0efS8uEoYo5q4Fx7dY9OgQGXgAsQA==
  
  combined-stream@^1.0.8:
    version "1.0.8"
    resolved "https://registry.yarnpkg.com/combined-stream/-/combined-stream-1.0.8.tgz#c3d45a8b34fd730631a110a8a2520682b31d5a7f"
    integrity sha512-FQN4MRfuJeHf7cBbBMJFXhKSDq+2kAArBlmRBvcvFE5BB1HZKXtSFASDhdlz9zOYwxh8lDdnvmMOe/+5cdoEdg==
    dependencies:
      delayed-stream "~1.0.0"
  
  concat-map@0.0.1:
    version "0.0.1"
    resolved "https://registry.yarnpkg.com/concat-map/-/concat-map-0.0.1.tgz#d8a96bd77fd68df7793a73036a3ba0d5405d477b"
    integrity sha512-/Srv4dswyQNBfohGpz9o6Yb3Gz3SrUDqBH5rTuhGR7ahtlbYKnVxw2bCFMRljaA7EXHaXZ8wsHdodFvbkhKmqg==
  
  concurrently@^7.3.0:
    version "7.3.0"
    resolved "https://registry.yarnpkg.com/concurrently/-/concurrently-7.3.0.tgz#eb45cdbc8df43da195f619aba218a980cae49184"
    integrity sha512-IiDwm+8DOcFEInca494A8V402tNTQlJaYq78RF2rijOrKEk/AOHTxhN4U1cp7GYKYX5Q6Ymh1dLTBlzIMN0ikA==
    dependencies:
      chalk "^4.1.0"
      date-fns "^2.16.1"
      lodash "^4.17.21"
      rxjs "^7.0.0"
      shell-quote "^1.7.3"
      spawn-command "^0.0.2-1"
      supports-color "^8.1.0"
      tree-kill "^1.2.2"
      yargs "^17.3.1"
  
  cron-parser@^2.18.0:
    version "2.18.0"
    resolved "https://registry.yarnpkg.com/cron-parser/-/cron-parser-2.18.0.tgz#de1bb0ad528c815548371993f81a54e5a089edcf"
    integrity sha512-s4odpheTyydAbTBQepsqd2rNWGa2iV3cyo8g7zbI2QQYGLVsfbhmwukayS1XHppe02Oy1fg7mg6xoaraVJeEcg==
    dependencies:
      is-nan "^1.3.0"
      moment-timezone "^0.5.31"
  
  crypt@0.0.2:
    version "0.0.2"
    resolved "https://registry.yarnpkg.com/crypt/-/crypt-0.0.2.tgz#88d7ff7ec0dfb86f713dc87bbb42d044d3e6c41b"
    integrity sha512-mCxBlsHFYh9C+HVpiEacem8FEBnMXgU9gy4zmNC+SXAZNB/1idgp/aulFJ4FgCi7GPEVbfyng092GqL2k2rmow==
  
  cyclic-dynamodb@^0.0.27:
    version "0.0.27"
    resolved "https://registry.yarnpkg.com/cyclic-dynamodb/-/cyclic-dynamodb-0.0.27.tgz#1b39056a9094e864d779746a42fbc9d48dc604eb"
    integrity sha512-8AqHqaYVzjWn1S/joQf29oDewVCd1PRGdxzMATe6DcL/AH79TOCDbGR/9Bhh8Ljx6RUDMkXcORNT4Dfm+T/QhA==
    dependencies:
      "@aws-sdk/client-dynamodb" "3.82.0"
      "@aws-sdk/lib-dynamodb" "3.82.0"
  
  d@1, d@^1.0.1:
    version "1.0.1"
    resolved "https://registry.yarnpkg.com/d/-/d-1.0.1.tgz#8698095372d58dbee346ffd0c7093f99f8f9eb5a"
    integrity sha512-m62ShEObQ39CfralilEQRjH6oAMtNCV1xJyEx5LpRYUVN+EviphDgUc/F3hnYbADmkiNs67Y+3ylmlG7Lnu+FA==
    dependencies:
      es5-ext "^0.10.50"
      type "^1.0.1"
  
  date-fns@^2.16.1:
    version "2.29.1"
    resolved "https://registry.yarnpkg.com/date-fns/-/date-fns-2.29.1.tgz#9667c2615525e552b5135a3116b95b1961456e60"
    integrity sha512-dlLD5rKaKxpFdnjrs+5azHDFOPEu4ANy/LTh04A1DTzMM7qoajmKCBc8pkKRFT41CNzw+4gQh79X5C+Jq27HAw==
  
  debug@^3.2.7:
    version "3.2.7"
    resolved "https://registry.yarnpkg.com/debug/-/debug-3.2.7.tgz#72580b7e9145fb39b6676f9c5e5fb100b934179a"
    integrity sha512-CFjzYYAi4ThfiQvizrFQevTTXHtnCqWfe7x1AhgEscTz6ZbLbfoLRLPugTQyBth6f8ZERVUSyWHFD/7Wu4t1XQ==
    dependencies:
      ms "^2.1.1"
  
  debug@^4.3.4:
    version "4.3.4"
    resolved "https://registry.yarnpkg.com/debug/-/debug-4.3.4.tgz#1319f6579357f2338d3337d2cdd4914bb5dcc865"
    integrity sha512-PRWFHuSU3eDtQJPvnNY7Jcket1j0t5OuOsFzPPzsekD52Zl8qUfFIPEiswXqIvHWGVHOgX+7G/vCNNhehwxfkQ==
    dependencies:
      ms "2.1.2"
  
  define-properties@^1.1.3:
    version "1.1.4"
    resolved "https://registry.yarnpkg.com/define-properties/-/define-properties-1.1.4.tgz#0b14d7bd7fbeb2f3572c3a7eda80ea5d57fb05b1"
    integrity sha512-uckOqKcfaVvtBdsVkdPv3XjveQJsNQqmhXgRi8uhvWWuPYZCNlzT8qAyblUgNoXdHdjMTzAqeGjAoli8f+bzPA==
    dependencies:
      has-property-descriptors "^1.0.0"
      object-keys "^1.1.1"
  
  delayed-stream@~1.0.0:
    version "1.0.0"
    resolved "https://registry.yarnpkg.com/delayed-stream/-/delayed-stream-1.0.0.tgz#df3ae199acadfb7d440aaae0b29e2272b24ec619"
    integrity sha512-ZySD7Nf91aLB0RxL4KGrKHBXl7Eds1DAmEdcoVawXnLD7SDhpNgtuII2aAkg7a7QS41jxPSZ17p4VdGnMHk3MQ==
  
  dir-glob@^3.0.1:
    version "3.0.1"
    resolved "https://registry.yarnpkg.com/dir-glob/-/dir-glob-3.0.1.tgz#56dbf73d992a4a93ba1584f4534063fd2e41717f"
    integrity sha512-WkrWp9GR4KXfKGYzOLmTuGVi1UWFfws377n9cc55/tb6DuqyF6pcQ5AbiHEshaDpY9v6oaSr2XCDidGmMwdzIA==
    dependencies:
      path-type "^4.0.0"
  
  dot-prop@^4.2.1:
    version "4.2.1"
    resolved "https://registry.yarnpkg.com/dot-prop/-/dot-prop-4.2.1.tgz#45884194a71fc2cda71cbb4bceb3a4dd2f433ba4"
    integrity sha512-l0p4+mIuJIua0mhxGoh4a+iNL9bmeK5DvnSVQa6T0OhrVmaEa1XScX5Etc673FePCJOArq/4Pa2cLGODUWTPOQ==
    dependencies:
      is-obj "^1.0.0"
  
  dotenv@^16.0.1:
    version "16.0.1"
    resolved "https://registry.yarnpkg.com/dotenv/-/dotenv-16.0.1.tgz#8f8f9d94876c35dac989876a5d3a82a267fdce1d"
    integrity sha512-1K6hR6wtk2FviQ4kEiSjFiH5rpzEVi8WW0x96aztHVMhEspNpc4DVOUTEHtEva5VThQ8IaBX1Pe4gSzpVVUsKQ==
  
  emoji-regex@^8.0.0:
    version "8.0.0"
    resolved "https://registry.yarnpkg.com/emoji-regex/-/emoji-regex-8.0.0.tgz#e818fd69ce5ccfcb404594f842963bf53164cc37"
    integrity sha512-MSjYzcWNOA0ewAHpz0MxpYFvwg6yjy1NG3xteoqz644VCo/RPgnr1/GGt+ic3iJTzQ8Eu3TdM14SawnVUmGE6A==
  
  entities@2.2.0:
    version "2.2.0"
    resolved "https://registry.yarnpkg.com/entities/-/entities-2.2.0.tgz#098dc90ebb83d8dffa089d55256b351d34c4da55"
    integrity sha512-p92if5Nz619I0w+akJrLZH0MX0Pb5DX39XOwQTtXSdQQOaYH03S1uIQp4mhOZtAXrxq4ViO67YTiLBo2638o9A==
  
  es5-ext@^0.10.35, es5-ext@^0.10.50, es5-ext@~0.10.14:
    version "0.10.62"
    resolved "https://registry.yarnpkg.com/es5-ext/-/es5-ext-0.10.62.tgz#5e6adc19a6da524bf3d1e02bbc8960e5eb49a9a5"
    integrity sha512-BHLqn0klhEpnOKSrzn/Xsz2UIW8j+cGmo9JLzr8BiUapV8hPL9+FliFqjwr9ngW7jWdnxv6eO+/LqyhJVqgrjA==
    dependencies:
      es6-iterator "^2.0.3"
      es6-symbol "^3.1.3"
      next-tick "^1.1.0"
  
  es6-iterator@^2.0.3:
    version "2.0.3"
    resolved "https://registry.yarnpkg.com/es6-iterator/-/es6-iterator-2.0.3.tgz#a7de889141a05a94b0854403b2d0a0fbfa98f3b7"
    integrity sha512-zw4SRzoUkd+cl+ZoE15A9o1oQd920Bb0iOJMQkQhl3jNc03YqVjAhG7scf9C5KWRU/R13Orf588uCC6525o02g==
    dependencies:
      d "1"
      es5-ext "^0.10.35"
      es6-symbol "^3.1.1"
  
  es6-symbol@^3.1.1, es6-symbol@^3.1.3:
    version "3.1.3"
    resolved "https://registry.yarnpkg.com/es6-symbol/-/es6-symbol-3.1.3.tgz#bad5d3c1bcdac28269f4cb331e431c78ac705d18"
    integrity sha512-NJ6Yn3FuDinBaBRWl/q5X/s4koRHBrgKAu+yGI6JCBeiu3qrcbJhwT2GeR/EXVfylRk8dpQVJoLEFhK+Mu31NA==
    dependencies:
      d "^1.0.1"
      ext "^1.1.2"
  
  escalade@^3.1.1:
    version "3.1.1"
    resolved "https://registry.yarnpkg.com/escalade/-/escalade-3.1.1.tgz#d8cfdc7000965c5a0174b4a82eaa5c0552742e40"
    integrity sha512-k0er2gUkLf8O0zKJiAhmkTnJlTvINGv7ygDNPbeIsX/TJjGJZHuh9B2UxbsaEkmlEo9MfhrSzmhIlhRlI2GXnw==
  
  eslint-scope@^5.1.1:
    version "5.1.1"
    resolved "https://registry.yarnpkg.com/eslint-scope/-/eslint-scope-5.1.1.tgz#e786e59a66cb92b3f6c1fb0d508aab174848f48c"
    integrity sha512-2NxwbF/hZ0KpepYN0cNbo+FN6XoK7GaHlQhgx/hIZl6Va0bF45RQOOwhLIy8lQDbuCiadSLCBnH2CFYquit5bw==
    dependencies:
      esrecurse "^4.3.0"
      estraverse "^4.1.1"
  
  eslint-utils@^3.0.0:
    version "3.0.0"
    resolved "https://registry.yarnpkg.com/eslint-utils/-/eslint-utils-3.0.0.tgz#8aebaface7345bb33559db0a1f13a1d2d48c3672"
    integrity sha512-uuQC43IGctw68pJA1RgbQS8/NP7rch6Cwd4j3ZBtgo4/8Flj4eGE7ZYSZRN3iq5pVUv6GPdW5Z1RFleo84uLDA==
    dependencies:
      eslint-visitor-keys "^2.0.0"
  
  eslint-visitor-keys@^2.0.0:
    version "2.1.0"
    resolved "https://registry.yarnpkg.com/eslint-visitor-keys/-/eslint-visitor-keys-2.1.0.tgz#f65328259305927392c938ed44eb0a5c9b2bd303"
    integrity sha512-0rSmRBzXgDzIsD6mGdJgevzgezI534Cer5L/vyMX0kHzT/jiB43jRhd9YUlMGYLQy2zprNmoT8qasCGtY+QaKw==
  
  eslint-visitor-keys@^3.3.0:
    version "3.3.0"
    resolved "https://registry.yarnpkg.com/eslint-visitor-keys/-/eslint-visitor-keys-3.3.0.tgz#f6480fa6b1f30efe2d1968aa8ac745b862469826"
    integrity sha512-mQ+suqKJVyeuwGYHAdjMFqjCyfl8+Ldnxuyp3ldiMBFKkvytrXUZWaiPCEav8qDHKty44bD+qV1IP4T+w+xXRA==
  
  esrecurse@^4.3.0:
    version "4.3.0"
    resolved "https://registry.yarnpkg.com/esrecurse/-/esrecurse-4.3.0.tgz#7ad7964d679abb28bee72cec63758b1c5d2c9921"
    integrity sha512-KmfKL3b6G+RXvP8N1vr3Tq1kL/oCFgn2NYXEtqP8/L3pKapUA4G8cFVaoF3SU323CD4XypR/ffioHmkti6/Tag==
    dependencies:
      estraverse "^5.2.0"
  
  estraverse@^4.1.1:
    version "4.3.0"
    resolved "https://registry.yarnpkg.com/estraverse/-/estraverse-4.3.0.tgz#398ad3f3c5a24948be7725e83d11a7de28cdbd1d"
    integrity sha512-39nnKffWz8xN1BU/2c79n9nB9HDzo0niYUqx6xyqUnyoAnQyyWpOTdZEeiCch8BBu515t4wp9ZmgVfVhn9EBpw==
  
  estraverse@^5.2.0:
    version "5.3.0"
    resolved "https://registry.yarnpkg.com/estraverse/-/estraverse-5.3.0.tgz#2eea5290702f26ab8fe5370370ff86c965d21123"
    integrity sha512-MMdARuVEQziNTeJD8DgMqmhwR11BRQ/cBP+pLtYdSTnf3MIO8fFeiINEbX36ZdNlfU/7A9f3gUw49B3oQsvwBA==
  
  event-emitter@^0.3.5:
    version "0.3.5"
    resolved "https://registry.yarnpkg.com/event-emitter/-/event-emitter-0.3.5.tgz#df8c69eef1647923c7157b9ce83840610b02cc39"
    integrity sha512-D9rRn9y7kLPnJ+hMq7S/nhvoKwwvVJahBi2BPmx3bvbsEdK3W9ii8cBSGjP+72/LnM4n6fo3+dkCX5FeTQruXA==
    dependencies:
      d "1"
      es5-ext "~0.10.14"
  
  ext@^1.1.2:
    version "1.6.0"
    resolved "https://registry.yarnpkg.com/ext/-/ext-1.6.0.tgz#3871d50641e874cc172e2b53f919842d19db4c52"
    integrity sha512-sdBImtzkq2HpkdRLtlLWDa6w4DX22ijZLKx8BMPUuKe1c5lbN6xwQDQCxSfxBQnHZ13ls/FH0MQZx/q/gr6FQg==
    dependencies:
      type "^2.5.0"
  
  fast-glob@^3.2.9:
    version "3.2.11"
    resolved "https://registry.yarnpkg.com/fast-glob/-/fast-glob-3.2.11.tgz#a1172ad95ceb8a16e20caa5c5e56480e5129c1d9"
    integrity sha512-xrO3+1bxSo3ZVHAnqzyuewYT6aMFHRAd4Kcs92MAonjwQZLsK9d0SF1IyQ3k5PoirxTW0Oe/RqFgMQ6TcNE5Ew==
    dependencies:
      "@nodelib/fs.stat" "^2.0.2"
      "@nodelib/fs.walk" "^1.2.3"
      glob-parent "^5.1.2"
      merge2 "^1.3.0"
      micromatch "^4.0.4"
  
  fast-xml-parser@3.19.0:
    version "3.19.0"
    resolved "https://registry.yarnpkg.com/fast-xml-parser/-/fast-xml-parser-3.19.0.tgz#cb637ec3f3999f51406dd8ff0e6fc4d83e520d01"
    integrity sha512-4pXwmBplsCPv8FOY1WRakF970TjNGnGnfbOnLqjlYvMiF1SR3yOHyxMR/YCXpPTOspNF5gwudqktIP4VsWkvBg==
  
  fastq@^1.6.0:
    version "1.13.0"
    resolved "https://registry.yarnpkg.com/fastq/-/fastq-1.13.0.tgz#616760f88a7526bdfc596b7cab8c18938c36b98c"
    integrity sha512-YpkpUnK8od0o1hmeSc7UUs/eB/vIPWJYjKck2QKIzAf71Vm1AAQ3EbuZB3g2JIy+pg+ERD0vqI79KyZiB2e2Nw==
    dependencies:
      reusify "^1.0.4"
  
  fill-range@^7.0.1:
    version "7.0.1"
    resolved "https://registry.yarnpkg.com/fill-range/-/fill-range-7.0.1.tgz#1919a6a7c75fe38b2c7c77e5198535da9acdda40"
    integrity sha512-qOo9F+dMUmC2Lcb4BbVvnKJxTPjCm+RRpe4gDuGrzkL7mEVl/djYSu2OdQ2Pa302N4oqkSg9ir6jaLWJ2USVpQ==
    dependencies:
      to-regex-range "^5.0.1"
  
  follow-redirects@^1.14.9:
    version "1.15.1"
    resolved "https://registry.yarnpkg.com/follow-redirects/-/follow-redirects-1.15.1.tgz#0ca6a452306c9b276e4d3127483e29575e207ad5"
    integrity sha512-yLAMQs+k0b2m7cVxpS1VKJVvoz7SS9Td1zss3XRwXj+ZDH00RJgnuLx7E44wx02kQLrdM3aOOy+FpzS7+8OizA==
  
  form-data@^4.0.0:
    version "4.0.0"
    resolved "https://registry.yarnpkg.com/form-data/-/form-data-4.0.0.tgz#93919daeaf361ee529584b9b31664dc12c9fa452"
    integrity sha512-ETEklSGi5t0QMZuiXoA/Q6vcnxcLQP5vdugSpuAyi6SVGi2clPPp+xgEhuMaHC+zGgn31Kd235W35f7Hykkaww==
    dependencies:
      asynckit "^0.4.0"
      combined-stream "^1.0.8"
      mime-types "^2.1.12"
  
  fsevents@~2.3.2:
    version "2.3.2"
    resolved "https://registry.yarnpkg.com/fsevents/-/fsevents-2.3.2.tgz#8a526f78b8fdf4623b709e0b975c52c24c02fd1a"
    integrity sha512-xiqMQR4xAeHTuB9uWm+fFRcIOgKBMiOBP+eXiyT7jsgVCq1bkVygt00oASowB7EdtpOHaaPgKt812P9ab+DDKA==
  
  function-bind@^1.1.1:
    version "1.1.1"
    resolved "https://registry.yarnpkg.com/function-bind/-/function-bind-1.1.1.tgz#a56899d3ea3c9bab874bb9773b7c5ede92f4895d"
    integrity sha512-yIovAzMX49sF8Yl58fSCWJ5svSLuaibPxXQJFLmBObTuCr0Mf1KiPopGM9NiFjiYBCbfaa2Fh6breQ6ANVTI0A==
  
  functional-red-black-tree@^1.0.1:
    version "1.0.1"
    resolved "https://registry.yarnpkg.com/functional-red-black-tree/-/functional-red-black-tree-1.0.1.tgz#1b0ab3bd553b2a0d6399d29c0e3ea0b252078327"
    integrity sha512-dsKNQNdj6xA3T+QlADDA7mOSlX0qiMINjn0cgr+eGHGsbSHzTabcIogz2+p/iqP1Xs6EP/sS2SbqH+brGTbq0g==
  
  get-caller-file@^2.0.5:
    version "2.0.5"
    resolved "https://registry.yarnpkg.com/get-caller-file/-/get-caller-file-2.0.5.tgz#4f94412a82db32f36e3b0b9741f8a97feb031f7e"
    integrity sha512-DyFP3BM/3YHTQOCUL/w0OZHR0lpKeGrxotcHWcqNEdnltqFwXVfhEBQ94eIo34AfQpo0rGki4cyIiftY06h2Fg==
  
  get-intrinsic@^1.0.2, get-intrinsic@^1.1.1:
    version "1.1.2"
    resolved "https://registry.yarnpkg.com/get-intrinsic/-/get-intrinsic-1.1.2.tgz#336975123e05ad0b7ba41f152ee4aadbea6cf598"
    integrity sha512-Jfm3OyCxHh9DJyc28qGk+JmfkpO41A4XkneDSujN9MDXrm4oDKdHvndhZ2dN94+ERNfkYJWDclW6k2L/ZGHjXA==
    dependencies:
      function-bind "^1.1.1"
      has "^1.0.3"
      has-symbols "^1.0.3"
  
  glob-parent@^5.1.2, glob-parent@~5.1.2:
    version "5.1.2"
    resolved "https://registry.yarnpkg.com/glob-parent/-/glob-parent-5.1.2.tgz#869832c58034fe68a4093c17dc15e8340d8401c4"
    integrity sha512-AOIgSQCepiJYwP3ARnGx+5VnTu2HBYdzbGP45eLw1vr3zB3vZLeyed1sC9hnbcOc9/SrMyM5RPQrkGz4aS9Zow==
    dependencies:
      is-glob "^4.0.1"
  
  globby@^11.1.0:
    version "11.1.0"
    resolved "https://registry.yarnpkg.com/globby/-/globby-11.1.0.tgz#bd4be98bb042f83d796f7e3811991fbe82a0d34b"
    integrity sha512-jhIXaOzy1sb8IyocaruWSn1TjmnBVs8Ayhcy83rmxNJ8q2uWKCAj3CnJY+KpGSXCueAPc0i05kVvVKtP1t9S3g==
    dependencies:
      array-union "^2.1.0"
      dir-glob "^3.0.1"
      fast-glob "^3.2.9"
      ignore "^5.2.0"
      merge2 "^1.4.1"
      slash "^3.0.0"
  
  has-flag@^3.0.0:
    version "3.0.0"
    resolved "https://registry.yarnpkg.com/has-flag/-/has-flag-3.0.0.tgz#b5d454dc2199ae225699f3467e5a07f3b955bafd"
    integrity sha512-sKJf1+ceQBr4SMkvQnBDNDtf4TXpVhVGateu0t918bl30FnbE2m4vNLX+VWe/dpjlb+HugGYzW7uQXH98HPEYw==
  
  has-flag@^4.0.0:
    version "4.0.0"
    resolved "https://registry.yarnpkg.com/has-flag/-/has-flag-4.0.0.tgz#944771fd9c81c81265c4d6941860da06bb59479b"
    integrity sha512-EykJT/Q1KjTWctppgIAgfSO0tKVuZUjhgMr17kqTumMl6Afv3EISleU7qZUzoXDFTAHTDC4NOoG/ZxU3EvlMPQ==
  
  has-property-descriptors@^1.0.0:
    version "1.0.0"
    resolved "https://registry.yarnpkg.com/has-property-descriptors/-/has-property-descriptors-1.0.0.tgz#610708600606d36961ed04c196193b6a607fa861"
    integrity sha512-62DVLZGoiEBDHQyqG4w9xCuZ7eJEwNmJRWw2VY84Oedb7WFcA27fiEVe8oUQx9hAUJ4ekurquucTGwsyO1XGdQ==
    dependencies:
      get-intrinsic "^1.1.1"
  
  has-symbols@^1.0.3:
    version "1.0.3"
    resolved "https://registry.yarnpkg.com/has-symbols/-/has-symbols-1.0.3.tgz#bb7b2c4349251dce87b125f7bdf874aa7c8b39f8"
    integrity sha512-l3LCuF6MgDNwTDKkdYGEihYjt5pRPbEg46rtlmnSPlUbgmB8LOIrKJbYYFBSbnPaJexMKtiPO8hmeRjRz2Td+A==
  
  has@^1.0.3:
    version "1.0.3"
    resolved "https://registry.yarnpkg.com/has/-/has-1.0.3.tgz#722d7cbfc1f6aa8241f16dd814e011e1f41e8796"
    integrity sha512-f2dvO0VU6Oej7RkWJGrehjbzMAjFp5/VKPp5tTpWIV4JHHZK1/BxbFRtf/siA2SWTe09caDmVtYYzWEIbBS4zw==
    dependencies:
      function-bind "^1.1.1"
  
  ignore-by-default@^1.0.1:
    version "1.0.1"
    resolved "https://registry.yarnpkg.com/ignore-by-default/-/ignore-by-default-1.0.1.tgz#48ca6d72f6c6a3af00a9ad4ae6876be3889e2b09"
    integrity sha512-Ius2VYcGNk7T90CppJqcIkS5ooHUZyIQK+ClZfMfMNFEF9VSE73Fq+906u/CWu92x4gzZMWOwfFYckPObzdEbA==
  
  ignore@^5.2.0:
    version "5.2.0"
    resolved "https://registry.yarnpkg.com/ignore/-/ignore-5.2.0.tgz#6d3bac8fa7fe0d45d9f9be7bac2fc279577e345a"
    integrity sha512-CmxgYGiEPCLhfLnpPp1MoRmifwEIOgjcHXxOBjv7mY96c+eWScsOP9c112ZyLdWHi0FxHjI+4uVhKYp/gcdRmQ==
  
  is-binary-path@~2.1.0:
    version "2.1.0"
    resolved "https://registry.yarnpkg.com/is-binary-path/-/is-binary-path-2.1.0.tgz#ea1f7f3b80f064236e83470f86c09c254fb45b09"
    integrity sha512-ZMERYes6pDydyuGidse7OsHxtbI7WVeUEozgR/g7rd0xUimYNlvZRE/K2MgZTjWy725IfelLeVcEM97mmtRGXw==
    dependencies:
      binary-extensions "^2.0.0"
  
  is-buffer@~1.1.6:
    version "1.1.6"
    resolved "https://registry.yarnpkg.com/is-buffer/-/is-buffer-1.1.6.tgz#efaa2ea9daa0d7ab2ea13a97b2b8ad51fefbe8be"
    integrity sha512-NcdALwpXkTm5Zvvbk7owOUSvVvBKDgKP5/ewfXEznmQFfs4ZRmanOeKBTjRVjka3QFoN6XJ+9F3USqfHqTaU5w==
  
  is-extglob@^2.1.1:
    version "2.1.1"
    resolved "https://registry.yarnpkg.com/is-extglob/-/is-extglob-2.1.1.tgz#a88c02535791f02ed37c76a1b9ea9773c833f8c2"
    integrity sha512-SbKbANkN603Vi4jEZv49LeVJMn4yGwsbzZworEoyEiutsN3nJYdbO36zfhGJ6QEDpOZIFkDtnq5JRxmvl3jsoQ==
  
  is-fullwidth-code-point@^3.0.0:
    version "3.0.0"
    resolved "https://registry.yarnpkg.com/is-fullwidth-code-point/-/is-fullwidth-code-point-3.0.0.tgz#f116f8064fe90b3f7844a38997c0b75051269f1d"
    integrity sha512-zymm5+u+sCsSWyD9qNaejV3DFvhCKclKdizYaJUuHA83RLjb7nSuGnddCHGv0hk+KY7BMAlsWeK4Ueg6EV6XQg==
  
  is-glob@^4.0.1, is-glob@^4.0.3, is-glob@~4.0.1:
    version "4.0.3"
    resolved "https://registry.yarnpkg.com/is-glob/-/is-glob-4.0.3.tgz#64f61e42cbbb2eec2071a9dac0b28ba1e65d5084"
    integrity sha512-xelSayHH36ZgE7ZWhli7pW34hNbNl8Ojv5KVmkJD4hBdD3th8Tfk9vYasLM+mXWOZhFkgZfxhLSnrwRr4elSSg==
    dependencies:
      is-extglob "^2.1.1"
  
  is-nan@^1.3.0:
    version "1.3.2"
    resolved "https://registry.yarnpkg.com/is-nan/-/is-nan-1.3.2.tgz#043a54adea31748b55b6cd4e09aadafa69bd9e1d"
    integrity sha512-E+zBKpQ2t6MEo1VsonYmluk9NxGrbzpeeLC2xIViuO2EjU2xsXsBPwTr3Ykv9l08UYEVEdWeRZNouaZqF6RN0w==
    dependencies:
      call-bind "^1.0.0"
      define-properties "^1.1.3"
  
  is-number@^7.0.0:
    version "7.0.0"
    resolved "https://registry.yarnpkg.com/is-number/-/is-number-7.0.0.tgz#7535345b896734d5f80c4d06c50955527a14f12b"
    integrity sha512-41Cifkg6e8TylSpdtTpeLVMqvSBEVzTttHvERD741+pnZ8ANv0004MRL43QKPDlK9cGvNp6NZWZUBlbGXYxxng==
  
  is-obj@^1.0.0:
    version "1.0.1"
    resolved "https://registry.yarnpkg.com/is-obj/-/is-obj-1.0.1.tgz#3e4729ac1f5fde025cd7d83a896dab9f4f67db0f"
    integrity sha512-l4RyHgRqGN4Y3+9JHVrNqO+tN0rV5My76uW5/nuO4K1b6vw5G8d/cmFjP9tRfEsdhZNt0IFdZuK/c2Vr4Nb+Qg==
  
  kucoin-node-sdk@^1.0.4:
    version "1.0.4"
    resolved "https://registry.yarnpkg.com/kucoin-node-sdk/-/kucoin-node-sdk-1.0.4.tgz#67a103249aa67e2cc7a3433c17aa92bd6cf641b2"
    integrity sha512-+RocudQDsWU1zXy9zn1dYo2F1s9zOsUvsz8VnH9EaxPEou0BhDI8TumXu4MOELEMHr5JmhkL79XZpmvfxVFpLA==
    dependencies:
      dot-prop "^4.2.1"
      event-emitter "^0.3.5"
      lodash "^4.17.15"
      log-update "^4.0.0"
      md5 "^2.2.1"
      node-fetch "^2.6.0"
      node-schedule "^1.3.2"
      uuid "^8.0.0"
      ws "^7.3.1"
  
  lodash@^4.17.15, lodash@^4.17.21:
    version "4.17.21"
    resolved "https://registry.yarnpkg.com/lodash/-/lodash-4.17.21.tgz#679591c564c3bffaae8454cf0b3df370c3d6911c"
    integrity sha512-v2kDEe57lecTulaDIuNTPy3Ry4gLGJ6Z1O3vE1krgXZNrsQ+LFTGHVxVjcXPs17LhbZVGedAJv8XZ1tvj5FvSg==
  
  log-update@^4.0.0:
    version "4.0.0"
    resolved "https://registry.yarnpkg.com/log-update/-/log-update-4.0.0.tgz#589ecd352471f2a1c0c570287543a64dfd20e0a1"
    integrity sha512-9fkkDevMefjg0mmzWFBW8YkFP91OrizzkW3diF7CpG+S2EYdy4+TVfGwz1zeF8x7hCx1ovSPTOE9Ngib74qqUg==
    dependencies:
      ansi-escapes "^4.3.0"
      cli-cursor "^3.1.0"
      slice-ansi "^4.0.0"
      wrap-ansi "^6.2.0"
  
  long-timeout@0.1.1:
    version "0.1.1"
    resolved "https://registry.yarnpkg.com/long-timeout/-/long-timeout-0.1.1.tgz#9721d788b47e0bcb5a24c2e2bee1a0da55dab514"
    integrity sha512-BFRuQUqc7x2NWxfJBCyUrN8iYUYznzL9JROmRz1gZ6KlOIgmoD+njPVbb+VNn2nGMKggMsK79iUNErillsrx7w==
  
  lru-cache@^6.0.0:
    version "6.0.0"
    resolved "https://registry.yarnpkg.com/lru-cache/-/lru-cache-6.0.0.tgz#6d6fe6570ebd96aaf90fcad1dafa3b2566db3a94"
    integrity sha512-Jo6dJ04CmSjuznwJSS3pUeWmd/H0ffTlkXXgwZi+eq1UCmqQwCh+eLsYOYCwY991i2Fah4h1BEMCx4qThGbsiA==
    dependencies:
      yallist "^4.0.0"
  
  md5@^2.2.1:
    version "2.3.0"
    resolved "https://registry.yarnpkg.com/md5/-/md5-2.3.0.tgz#c3da9a6aae3a30b46b7b0c349b87b110dc3bda4f"
    integrity sha512-T1GITYmFaKuO91vxyoQMFETst+O71VUPEU3ze5GNzDm0OWdP8v1ziTaAEPUr/3kLsY3Sftgz242A1SetQiDL7g==
    dependencies:
      charenc "0.0.2"
      crypt "0.0.2"
      is-buffer "~1.1.6"
  
  merge2@^1.3.0, merge2@^1.4.1:
    version "1.4.1"
    resolved "https://registry.yarnpkg.com/merge2/-/merge2-1.4.1.tgz#4368892f885e907455a6fd7dc55c0c9d404990ae"
    integrity sha512-8q7VEgMJW4J8tcfVPy8g09NcQwZdbwFEqhe/WZkoIzjn/3TGDwtOCYtXGxA3O8tPzpczCCDgv+P2P5y00ZJOOg==
  
  micromatch@^4.0.4:
    version "4.0.5"
    resolved "https://registry.yarnpkg.com/micromatch/-/micromatch-4.0.5.tgz#bc8999a7cbbf77cdc89f132f6e467051b49090c6"
    integrity sha512-DMy+ERcEW2q8Z2Po+WNXuw3c5YaUSFjAO5GsJqfEl7UjvtIuFKO6ZrKvcItdy98dwFI2N1tg3zNIdKaQT+aNdA==
    dependencies:
      braces "^3.0.2"
      picomatch "^2.3.1"
  
  mime-db@1.52.0:
    version "1.52.0"
    resolved "https://registry.yarnpkg.com/mime-db/-/mime-db-1.52.0.tgz#bbabcdc02859f4987301c856e3387ce5ec43bf70"
    integrity sha512-sPU4uV7dYlvtWJxwwxHD0PuihVNiE7TyAbQ5SWxDCB9mUYvOgroQOwYQQOKPJ8CIbE+1ETVlOoK1UC2nU3gYvg==
  
  mime-types@^2.1.12:
    version "2.1.35"
    resolved "https://registry.yarnpkg.com/mime-types/-/mime-types-2.1.35.tgz#381a871b62a734450660ae3deee44813f70d959a"
    integrity sha512-ZDY+bPm5zTTF+YpCrAU9nK0UgICYPT0QtT1NZWFv4s++TNkcgVaT0g6+4R2uI4MjQjzysHB1zxuWL50hzaeXiw==
    dependencies:
      mime-db "1.52.0"
  
  mimic-fn@^2.1.0:
    version "2.1.0"
    resolved "https://registry.yarnpkg.com/mimic-fn/-/mimic-fn-2.1.0.tgz#7ed2c2ccccaf84d3ffcb7a69b57711fc2083401b"
    integrity sha512-OqbOk5oEQeAZ8WXWydlu9HJjz9WVdEIvamMCcXmuqUYjTknH/sqsWvhQ3vgwKFRR1HpjvNBKQ37nbJgYzGqGcg==
  
  minimatch@^3.0.4:
    version "3.1.2"
    resolved "https://registry.yarnpkg.com/minimatch/-/minimatch-3.1.2.tgz#19cd194bfd3e428f049a70817c038d89ab4be35b"
    integrity sha512-J7p63hRiAjw1NDEww1W7i37+ByIrOWO5XQQAzZ3VOcL0PNybwpfmV/N05zFAzwQ9USyEcX6t3UO+K5aqBQOIHw==
    dependencies:
      brace-expansion "^1.1.7"
  
  mnemonist@0.38.3:
    version "0.38.3"
    resolved "https://registry.yarnpkg.com/mnemonist/-/mnemonist-0.38.3.tgz#35ec79c1c1f4357cfda2fe264659c2775ccd7d9d"
    integrity sha512-2K9QYubXx/NAjv4VLq1d1Ly8pWNC5L3BrixtdkyTegXWJIqY+zLNDhhX/A+ZwWt70tB1S8H4BE8FLYEFyNoOBw==
    dependencies:
      obliterator "^1.6.1"
  
  moment-timezone@^0.5.31:
    version "0.5.34"
    resolved "https://registry.yarnpkg.com/moment-timezone/-/moment-timezone-0.5.34.tgz#a75938f7476b88f155d3504a9343f7519d9a405c"
    integrity sha512-3zAEHh2hKUs3EXLESx/wsgw6IQdusOT8Bxm3D9UrHPQR7zlMmzwybC8zHEM1tQ4LJwP7fcxrWr8tuBg05fFCbg==
    dependencies:
      moment ">= 2.9.0"
  
  "moment@>= 2.9.0":
    version "2.29.4"
    resolved "https://registry.yarnpkg.com/moment/-/moment-2.29.4.tgz#3dbe052889fe7c1b2ed966fcb3a77328964ef108"
    integrity sha512-5LC9SOxjSc2HF6vO2CyuTDNivEdoz2IvyJJGj6X8DJ0eFyfszE0QiEd+iXmBvUP3WHxSjFH/vIsA0EN00cgr8w==
  
  ms@2.1.2:
    version "2.1.2"
    resolved "https://registry.yarnpkg.com/ms/-/ms-2.1.2.tgz#d09d1f357b443f493382a8eb3ccd183872ae6009"
    integrity sha512-sGkPx+VjMtmA6MX27oA4FBFELFCZZ4S4XqeGOXCv68tT+jb3vk/RyaKWP0PTKyWtmLSM0b+adUTEvbs1PEaH2w==
  
  ms@^2.1.1:
    version "2.1.3"
    resolved "https://registry.yarnpkg.com/ms/-/ms-2.1.3.tgz#574c8138ce1d2b5861f0b44579dbadd60c6615b2"
    integrity sha512-6FlzubTLZG3J2a/NVCAleEhjzq5oxgHyaCU9yYXvcLsvoVaHJq/s5xXI6/XXP6tz7R9xAOtHnSO/tXtF3WRTlA==
  
  next-tick@^1.1.0:
    version "1.1.0"
    resolved "https://registry.yarnpkg.com/next-tick/-/next-tick-1.1.0.tgz#1836ee30ad56d67ef281b22bd199f709449b35eb"
    integrity sha512-CXdUiJembsNjuToQvxayPZF9Vqht7hewsvy2sOWafLvi2awflj9mOC6bHIg50orX8IJvWKY9wYQ/zB2kogPslQ==
  
  node-fetch@^2.6.0:
    version "2.6.7"
    resolved "https://registry.yarnpkg.com/node-fetch/-/node-fetch-2.6.7.tgz#24de9fba827e3b4ae44dc8b20256a379160052ad"
    integrity sha512-ZjMPFEfVx5j+y2yF35Kzx5sF7kDzxuDj6ziH4FFbOp87zKDZNx8yExJIb05OGF4Nlt9IHFIMBkRl41VdvcNdbQ==
    dependencies:
      whatwg-url "^5.0.0"
  
  node-schedule@^1.3.2:
    version "1.3.3"
    resolved "https://registry.yarnpkg.com/node-schedule/-/node-schedule-1.3.3.tgz#f8e01c5fb9597f09ecf9c4c25d6938e5e7a06f48"
    integrity sha512-uF9Ubn6luOPrcAYKfsXWimcJ1tPFtQ8I85wb4T3NgJQrXazEzojcFZVk46ZlLHby3eEJChgkV/0T689IsXh2Gw==
    dependencies:
      cron-parser "^2.18.0"
      long-timeout "0.1.1"
      sorted-array-functions "^1.3.0"
  
  nodemon@^2.0.19:
    version "2.0.19"
    resolved "https://registry.yarnpkg.com/nodemon/-/nodemon-2.0.19.tgz#cac175f74b9cb8b57e770d47841995eebe4488bd"
    integrity sha512-4pv1f2bMDj0Eeg/MhGqxrtveeQ5/G/UVe9iO6uTZzjnRluSA4PVWf8CW99LUPwGB3eNIA7zUFoP77YuI7hOc0A==
    dependencies:
      chokidar "^3.5.2"
      debug "^3.2.7"
      ignore-by-default "^1.0.1"
      minimatch "^3.0.4"
      pstree.remy "^1.1.8"
      semver "^5.7.1"
      simple-update-notifier "^1.0.7"
      supports-color "^5.5.0"
      touch "^3.1.0"
      undefsafe "^2.0.5"
  
  nopt@~1.0.10:
    version "1.0.10"
    resolved "https://registry.yarnpkg.com/nopt/-/nopt-1.0.10.tgz#6ddd21bd2a31417b92727dd585f8a6f37608ebee"
    integrity sha512-NWmpvLSqUrgrAC9HCuxEvb+PSloHpqVu+FqcO4eeF2h5qYRhA7ev6KvelyQAKtegUbC6RypJnlEOhd8vloNKYg==
    dependencies:
      abbrev "1"
  
  normalize-path@^3.0.0, normalize-path@~3.0.0:
    version "3.0.0"
    resolved "https://registry.yarnpkg.com/normalize-path/-/normalize-path-3.0.0.tgz#0dcd69ff23a1c9b11fd0978316644a0388216a65"
    integrity sha512-6eZs5Ls3WtCisHWp9S2GUy8dqkpGi4BVSz3GaqiE6ezub0512ESztXUwUB6C6IKbQkY2Pnb/mD4WYojCRwcwLA==
  
  object-keys@^1.1.1:
    version "1.1.1"
    resolved "https://registry.yarnpkg.com/object-keys/-/object-keys-1.1.1.tgz#1c47f272df277f3b1daf061677d9c82e2322c60e"
    integrity sha512-NuAESUOUMrlIXOfHKzD6bpPu3tYt3xvjNdRIQ+FeT0lNb4K8WR70CaDxhuNguS2XG+GjkyMwOzsN5ZktImfhLA==
  
  obliterator@^1.6.1:
    version "1.6.1"
    resolved "https://registry.yarnpkg.com/obliterator/-/obliterator-1.6.1.tgz#dea03e8ab821f6c4d96a299e17aef6a3af994ef3"
    integrity sha512-9WXswnqINnnhOG/5SLimUlzuU1hFJUc8zkwyD59Sd+dPOMf05PmnYG/d6Q7HZ+KmgkZJa1PxRso6QdM3sTNHig==
  
  onetime@^5.1.0:
    version "5.1.2"
    resolved "https://registry.yarnpkg.com/onetime/-/onetime-5.1.2.tgz#d0e96ebb56b07476df1dd9c4806e5237985ca45e"
    integrity sha512-kbpaSSGJTWdAY5KPVeMOKXSrPtr8C8C7wodJbcsd51jRnmD+GZu8Y0VoU6Dm5Z4vWr0Ig/1NKuWRKf7j5aaYSg==
    dependencies:
      mimic-fn "^2.1.0"
  
  path-type@^4.0.0:
    version "4.0.0"
    resolved "https://registry.yarnpkg.com/path-type/-/path-type-4.0.0.tgz#84ed01c0a7ba380afe09d90a8c180dcd9d03043b"
    integrity sha512-gDKb8aZMDeD/tZWs9P6+q0J9Mwkdl6xMV8TjnGP3qJVJ06bdMgkbBlLU8IdfOsIsFz2BW1rNVT3XuNEl8zPAvw==
  
  picomatch@^2.0.4, picomatch@^2.2.1, picomatch@^2.3.1:
    version "2.3.1"
    resolved "https://registry.yarnpkg.com/picomatch/-/picomatch-2.3.1.tgz#3ba3833733646d9d3e4995946c1365a67fb07a42"
    integrity sha512-JU3teHTNjmE2VCGFzuY8EXzCDVwEqB2a8fsIvwaStHhAWJEeVd1o1QD80CU6+ZdEXXSLbSsuLwJjkCBWqRQUVA==
  
  pstree.remy@^1.1.8:
    version "1.1.8"
    resolved "https://registry.yarnpkg.com/pstree.remy/-/pstree.remy-1.1.8.tgz#c242224f4a67c21f686839bbdb4ac282b8373d3a"
    integrity sha512-77DZwxQmxKnu3aR542U+X8FypNzbfJ+C5XQDk3uWjWxn6151aIMGthWYRXTqT1E5oJvg+ljaa2OJi+VfvCOQ8w==
  
  queue-microtask@^1.2.2:
    version "1.2.3"
    resolved "https://registry.yarnpkg.com/queue-microtask/-/queue-microtask-1.2.3.tgz#4929228bbc724dfac43e0efb058caf7b6cfb6243"
    integrity sha512-NuaNSa6flKT5JaSYQzJok04JzTL1CA6aGhv5rfLW3PgqA+M2ChpZQnAC8h8i4ZFkBS8X5RqkDBHA7r4hej3K9A==
  
  readdirp@~3.6.0:
    version "3.6.0"
    resolved "https://registry.yarnpkg.com/readdirp/-/readdirp-3.6.0.tgz#74a370bd857116e245b29cc97340cd431a02a6c7"
    integrity sha512-hOS089on8RduqdbhvQ5Z37A0ESjsqz6qnRcffsMU3495FuTdqSm+7bhJ29JvIOsBDEEnan5DPu9t3To9VRlMzA==
    dependencies:
      picomatch "^2.2.1"
  
  regexpp@^3.2.0:
    version "3.2.0"
    resolved "https://registry.yarnpkg.com/regexpp/-/regexpp-3.2.0.tgz#0425a2768d8f23bad70ca4b90461fa2f1213e1b2"
    integrity sha512-pq2bWo9mVD43nbts2wGv17XLiNLya+GklZ8kaDLV2Z08gDCsGpnKn9BFMepvWuHCbyVvY7J5o5+BVvoQbmlJLg==
  
  require-directory@^2.1.1:
    version "2.1.1"
    resolved "https://registry.yarnpkg.com/require-directory/-/require-directory-2.1.1.tgz#8c64ad5fd30dab1c976e2344ffe7f792a6a6df42"
    integrity sha512-fGxEI7+wsG9xrvdjsrlmL22OMTTiHRwAMroiEeMgq8gzoLC/PQr7RsRDSTLUg/bZAZtF+TVIkHc6/4RIKrui+Q==
  
  restore-cursor@^3.1.0:
    version "3.1.0"
    resolved "https://registry.yarnpkg.com/restore-cursor/-/restore-cursor-3.1.0.tgz#39f67c54b3a7a58cea5236d95cf0034239631f7e"
    integrity sha512-l+sSefzHpj5qimhFSE5a8nufZYAM3sBSVMAPtYkmC+4EH2anSGaEMXSD0izRQbu9nfyQ9y5JrVmp7E8oZrUjvA==
    dependencies:
      onetime "^5.1.0"
      signal-exit "^3.0.2"
  
  reusify@^1.0.4:
    version "1.0.4"
    resolved "https://registry.yarnpkg.com/reusify/-/reusify-1.0.4.tgz#90da382b1e126efc02146e90845a88db12925d76"
    integrity sha512-U9nH88a3fc/ekCF1l0/UP1IosiuIjyTh7hBvXVMHYgVcfGvt897Xguj2UOLDeI5BG2m7/uwyaLVT6fbtCwTyzw==
  
  run-parallel@^1.1.9:
    version "1.2.0"
    resolved "https://registry.yarnpkg.com/run-parallel/-/run-parallel-1.2.0.tgz#66d1368da7bdf921eb9d95bd1a9229e7f21a43ee"
    integrity sha512-5l4VyZR86LZ/lDxZTR6jqL8AFE2S0IFLMP26AbjsLVADxHdhB/c0GUsH+y39UfCi3dzz8OlQuPmnaJOMoDHQBA==
    dependencies:
      queue-microtask "^1.2.2"
  
  rxjs@^7.0.0:
    version "7.5.6"
    resolved "https://registry.yarnpkg.com/rxjs/-/rxjs-7.5.6.tgz#0446577557862afd6903517ce7cae79ecb9662bc"
    integrity sha512-dnyv2/YsXhnm461G+R/Pe5bWP41Nm6LBXEYWI6eiFP4fiwx6WRI/CD0zbdVAudd9xwLEF2IDcKXLHit0FYjUzw==
    dependencies:
      tslib "^2.1.0"
  
  semver@^5.7.1:
    version "5.7.1"
    resolved "https://registry.yarnpkg.com/semver/-/semver-5.7.1.tgz#a954f931aeba508d307bbf069eff0c01c96116f7"
    integrity sha512-sauaDf/PZdVgrLTNYHRtpXa1iRiKcaebiKQ1BJdpQlWH2lCvexQdX55snPFyK7QzpudqbCI0qXFfOasHdyNDGQ==
  
  semver@^7.3.7:
    version "7.3.7"
    resolved "https://registry.yarnpkg.com/semver/-/semver-7.3.7.tgz#12c5b649afdbf9049707796e22a4028814ce523f"
    integrity sha512-QlYTucUYOews+WeEujDoEGziz4K6c47V/Bd+LjSSYcA94p+DmINdf7ncaUinThfvZyu13lN9OY1XDxt8C0Tw0g==
    dependencies:
      lru-cache "^6.0.0"
  
  semver@~7.0.0:
    version "7.0.0"
    resolved "https://registry.yarnpkg.com/semver/-/semver-7.0.0.tgz#5f3ca35761e47e05b206c6daff2cf814f0316b8e"
    integrity sha512-+GB6zVA9LWh6zovYQLALHwv5rb2PHGlJi3lfiqIHxR0uuwCgefcOJc59v9fv1w8GbStwxuuqqAjI9NMAOOgq1A==
  
  shell-quote@^1.7.3:
    version "1.7.3"
    resolved "https://registry.yarnpkg.com/shell-quote/-/shell-quote-1.7.3.tgz#aa40edac170445b9a431e17bb62c0b881b9c4123"
    integrity sha512-Vpfqwm4EnqGdlsBFNmHhxhElJYrdfcxPThu+ryKS5J8L/fhAwLazFZtq+S+TWZ9ANj2piSQLGj6NQg+lKPmxrw==
  
  signal-exit@^3.0.2:
    version "3.0.7"
    resolved "https://registry.yarnpkg.com/signal-exit/-/signal-exit-3.0.7.tgz#a9a1767f8af84155114eaabd73f99273c8f59ad9"
    integrity sha512-wnD2ZE+l+SPC/uoS0vXeE9L1+0wuaMqKlfz9AMUo38JsyLSBWSFcHR1Rri62LZc12vLr1gb3jl7iwQhgwpAbGQ==
  
  simple-update-notifier@^1.0.7:
    version "1.0.7"
    resolved "https://registry.yarnpkg.com/simple-update-notifier/-/simple-update-notifier-1.0.7.tgz#7edf75c5bdd04f88828d632f762b2bc32996a9cc"
    integrity sha512-BBKgR84BJQJm6WjWFMHgLVuo61FBDSj1z/xSFUIozqO6wO7ii0JxCqlIud7Enr/+LhlbNI0whErq96P2qHNWew==
    dependencies:
      semver "~7.0.0"
  
  slash@^3.0.0:
    version "3.0.0"
    resolved "https://registry.yarnpkg.com/slash/-/slash-3.0.0.tgz#6539be870c165adbd5240220dbe361f1bc4d4634"
    integrity sha512-g9Q1haeby36OSStwb4ntCGGGaKsaVSjQ68fBxoQcutl5fS1vuY18H3wSt3jFyFtrkx+Kz0V1G85A4MyAdDMi2Q==
  
  slice-ansi@^4.0.0:
    version "4.0.0"
    resolved "https://registry.yarnpkg.com/slice-ansi/-/slice-ansi-4.0.0.tgz#500e8dd0fd55b05815086255b3195adf2a45fe6b"
    integrity sha512-qMCMfhY040cVHT43K9BFygqYbUPFZKHOg7K73mtTWJRb8pyP3fzf4Ixd5SzdEJQ6MRUg/WBnOLxghZtKKurENQ==
    dependencies:
      ansi-styles "^4.0.0"
      astral-regex "^2.0.0"
      is-fullwidth-code-point "^3.0.0"
  
  sorted-array-functions@^1.3.0:
    version "1.3.0"
    resolved "https://registry.yarnpkg.com/sorted-array-functions/-/sorted-array-functions-1.3.0.tgz#8605695563294dffb2c9796d602bd8459f7a0dd5"
    integrity sha512-2sqgzeFlid6N4Z2fUQ1cvFmTOLRi/sEDzSQ0OKYchqgoPmQBVyM3959qYx3fpS6Esef80KjmpgPeEr028dP3OA==
  
  spawn-command@^0.0.2-1:
    version "0.0.2-1"
    resolved "https://registry.yarnpkg.com/spawn-command/-/spawn-command-0.0.2-1.tgz#62f5e9466981c1b796dc5929937e11c9c6921bd0"
    integrity sha512-n98l9E2RMSJ9ON1AKisHzz7V42VDiBQGY6PB1BwRglz99wpVsSuGzQ+jOi6lFXBGVTCrRpltvjm+/XA+tpeJrg==
  
  string-width@^4.1.0, string-width@^4.2.0, string-width@^4.2.3:
    version "4.2.3"
    resolved "https://registry.yarnpkg.com/string-width/-/string-width-4.2.3.tgz#269c7117d27b05ad2e536830a8ec895ef9c6d010"
    integrity sha512-wKyQRQpjJ0sIp62ErSZdGsjMJWsap5oRNihHhu6G7JVO/9jIB6UyevL+tXuOqrng8j/cxKTWyWUwvSTriiZz/g==
    dependencies:
      emoji-regex "^8.0.0"
      is-fullwidth-code-point "^3.0.0"
      strip-ansi "^6.0.1"
  
  strip-ansi@^6.0.0, strip-ansi@^6.0.1:
    version "6.0.1"
    resolved "https://registry.yarnpkg.com/strip-ansi/-/strip-ansi-6.0.1.tgz#9e26c63d30f53443e9489495b2105d37b67a85d9"
    integrity sha512-Y38VPSHcqkFrCpFnQ9vuSXmquuv5oXOKpGeT6aGrr3o3Gc9AlVa6JBfUSOCnbxGGZF+/0ooI7KrPuUSztUdU5A==
    dependencies:
      ansi-regex "^5.0.1"
  
  supports-color@^5.5.0:
    version "5.5.0"
    resolved "https://registry.yarnpkg.com/supports-color/-/supports-color-5.5.0.tgz#e2e69a44ac8772f78a1ec0b35b689df6530efc8f"
    integrity sha512-QjVjwdXIt408MIiAqCX4oUKsgU2EqAGzs2Ppkm4aQYbjm+ZEWEcW4SfFNTr4uMNZma0ey4f5lgLrkB0aX0QMow==
    dependencies:
      has-flag "^3.0.0"
  
  supports-color@^7.1.0:
    version "7.2.0"
    resolved "https://registry.yarnpkg.com/supports-color/-/supports-color-7.2.0.tgz#1b7dcdcb32b8138801b3e478ba6a51caa89648da"
    integrity sha512-qpCAvRl9stuOHveKsn7HncJRvv501qIacKzQlO/+Lwxc9+0q2wLyv4Dfvt80/DPn2pqOBsJdDiogXGR9+OvwRw==
    dependencies:
      has-flag "^4.0.0"
  
  supports-color@^8.1.0:
    version "8.1.1"
    resolved "https://registry.yarnpkg.com/supports-color/-/supports-color-8.1.1.tgz#cd6fc17e28500cff56c1b86c0a7fd4a54a73005c"
    integrity sha512-MpUEN2OodtUzxvKQl72cUF7RQ5EiHsGvSsVG0ia9c5RbWGL2CI4C7EpPS8UTBIplnlzZiNuV56w+FuNxy3ty2Q==
    dependencies:
      has-flag "^4.0.0"
  
  to-regex-range@^5.0.1:
    version "5.0.1"
    resolved "https://registry.yarnpkg.com/to-regex-range/-/to-regex-range-5.0.1.tgz#1648c44aae7c8d988a326018ed72f5b4dd0392e4"
    integrity sha512-65P7iz6X5yEr1cwcgvQxbbIw7Uk3gOy5dIdtZ4rDveLqhrdJP+Li/Hx6tyK0NEb+2GCyneCMJiGqrADCSNk8sQ==
    dependencies:
      is-number "^7.0.0"
  
  toad-scheduler@^1.6.1:
    version "1.6.1"
    resolved "https://registry.yarnpkg.com/toad-scheduler/-/toad-scheduler-1.6.1.tgz#527f826d7337ee49c02ef1e55a6a7867ef96cea8"
    integrity sha512-UjNerGmJIp72lt1d6wtGZUdgzgYFM9xVJBeDJzCLOVIHbrf8c6e3iq6rswRV/8/KA8WJLUuH71LYu96yoXgNRQ==
  
  touch@^3.1.0:
    version "3.1.0"
    resolved "https://registry.yarnpkg.com/touch/-/touch-3.1.0.tgz#fe365f5f75ec9ed4e56825e0bb76d24ab74af83b"
    integrity sha512-WBx8Uy5TLtOSRtIq+M03/sKDrXCLHxwDcquSP2c43Le03/9serjQBIztjRz6FkJez9D/hleyAXTBGLwwZUw9lA==
    dependencies:
      nopt "~1.0.10"
  
  tr46@~0.0.3:
    version "0.0.3"
    resolved "https://registry.yarnpkg.com/tr46/-/tr46-0.0.3.tgz#8184fd347dac9cdc185992f3a6622e14b9d9ab6a"
    integrity sha512-N3WMsuqV66lT30CrXNbEjx4GEwlow3v6rr4mCcv6prnfwhS01rkgyFdjPNBYd9br7LpXV1+Emh01fHnq2Gdgrw==
  
  tree-kill@^1.2.2:
    version "1.2.2"
    resolved "https://registry.yarnpkg.com/tree-kill/-/tree-kill-1.2.2.tgz#4ca09a9092c88b73a7cdc5e8a01b507b0790a0cc"
    integrity sha512-L0Orpi8qGpRG//Nd+H90vFB+3iHnue1zSSGmNOOCh1GLJ7rUKVwV2HvijphGQS2UmhUZewS9VgvxYIdgr+fG1A==
  
  tslib@^1.11.1, tslib@^1.8.1:
    version "1.14.1"
    resolved "https://registry.yarnpkg.com/tslib/-/tslib-1.14.1.tgz#cf2d38bdc34a134bcaf1091c41f6619e2f672d00"
    integrity sha512-Xni35NKzjgMrwevysHTCArtLDpPvye8zV/0E4EyYn43P7/7qvQwPh9BGkHewbMulVntbigmcT7rdX3BNo9wRJg==
  
  tslib@^2.1.0, tslib@^2.3.1:
    version "2.4.0"
    resolved "https://registry.yarnpkg.com/tslib/-/tslib-2.4.0.tgz#7cecaa7f073ce680a05847aa77be941098f36dc3"
    integrity sha512-d6xOpEDfsi2CZVlPQzGeux8XMwLT9hssAsaPYExaQMuYskwb+x1x7J371tWlbBdWHroy99KnVB6qIkUbs5X3UQ==
  
  tsutils@^3.21.0:
    version "3.21.0"
    resolved "https://registry.yarnpkg.com/tsutils/-/tsutils-3.21.0.tgz#b48717d394cea6c1e096983eed58e9d61715b623"
    integrity sha512-mHKK3iUXL+3UF6xL5k0PEhKRUBKPBCv/+RkEOpjRWxxx27KKRBmmA60A9pgOUvMi8GKhRMPEmjBRPzs2W7O1OA==
    dependencies:
      tslib "^1.8.1"
  
  type-fest@^0.21.3:
    version "0.21.3"
    resolved "https://registry.yarnpkg.com/type-fest/-/type-fest-0.21.3.tgz#d260a24b0198436e133fa26a524a6d65fa3b2e37"
    integrity sha512-t0rzBq87m3fVcduHDUFhKmyyX+9eo6WQjZvf51Ea/M0Q7+T374Jp1aUiyUl0GKxp8M/OETVHSDvmkyPgvX+X2w==
  
  type@^1.0.1:
    version "1.2.0"
    resolved "https://registry.yarnpkg.com/type/-/type-1.2.0.tgz#848dd7698dafa3e54a6c479e759c4bc3f18847a0"
    integrity sha512-+5nt5AAniqsCnu2cEQQdpzCAh33kVx8n0VoFidKpB1dVVLAN/F+bgVOqOJqOnEnrhp222clB5p3vUlD+1QAnfg==
  
  type@^2.5.0:
    version "2.7.0"
    resolved "https://registry.yarnpkg.com/type/-/type-2.7.0.tgz#aaff4ac90514e0dc1095b54af70505ef16cf00a2"
    integrity sha512-NybX0NBIssNEj1efLf1mqKAtO4Q/Np5mqpa57be81ud7/tNHIXn48FDVXiyGMBF90FfXc5o7RPsuRQrPzgMOMA==
  
  typescript@^4.7.4:
    version "4.7.4"
    resolved "https://registry.yarnpkg.com/typescript/-/typescript-4.7.4.tgz#1a88596d1cf47d59507a1bcdfb5b9dfe4d488235"
    integrity sha512-C0WQT0gezHuw6AdY1M2jxUO83Rjf0HP7Sk1DtXj6j1EwkQNZrHAg2XPWlq62oqEhYvONq5pkC2Y9oPljWToLmQ==
  
  undefsafe@^2.0.5:
    version "2.0.5"
    resolved "https://registry.yarnpkg.com/undefsafe/-/undefsafe-2.0.5.tgz#38733b9327bdcd226db889fb723a6efd162e6e2c"
    integrity sha512-WxONCrssBM8TSPRqN5EmsjVrsv4A8X12J4ArBiiayv3DyyG3ZlIg6yysuuSYdZsVz3TKcTg2fd//Ujd4CHV1iA==
  
  uuid@^8.0.0, uuid@^8.3.2:
    version "8.3.2"
    resolved "https://registry.yarnpkg.com/uuid/-/uuid-8.3.2.tgz#80d5b5ced271bb9af6c445f21a1a04c606cefbe2"
    integrity sha512-+NYs2QeMWy+GWFOEm9xnn6HCDp0l7QBD7ml8zLUmJ+93Q5NF0NocErnwkTkXVFNiX3/fpC6afS8Dhb/gz7R7eg==
  
  webidl-conversions@^3.0.0:
    version "3.0.1"
    resolved "https://registry.yarnpkg.com/webidl-conversions/-/webidl-conversions-3.0.1.tgz#24534275e2a7bc6be7bc86611cc16ae0a5654871"
    integrity sha512-2JAn3z8AR6rjK8Sm8orRC0h/bcl/DqL7tRPdGZ4I1CjdF+EaMLmYxBHyXuKL849eucPFhvBoxMsflfOb8kxaeQ==
  
  whatwg-url@^5.0.0:
    version "5.0.0"
    resolved "https://registry.yarnpkg.com/whatwg-url/-/whatwg-url-5.0.0.tgz#966454e8765462e37644d3626f6742ce8b70965d"
    integrity sha512-saE57nupxk6v3HY35+jzBwYa0rKSy0XR8JSxZPwgLr7ys0IBzhGviA1/TUGJLmSVqs8pb9AnvICXEuOHLprYTw==
    dependencies:
      tr46 "~0.0.3"
      webidl-conversions "^3.0.0"
  
  wrap-ansi@^6.2.0:
    version "6.2.0"
    resolved "https://registry.yarnpkg.com/wrap-ansi/-/wrap-ansi-6.2.0.tgz#e9393ba07102e6c91a3b221478f0257cd2856e53"
    integrity sha512-r6lPcBGxZXlIcymEu7InxDMhdW0KDxpLgoFLcguasxCaJ/SOIZwINatK9KY/tf+ZrlywOKU0UDj3ATXUBfxJXA==
    dependencies:
      ansi-styles "^4.0.0"
      string-width "^4.1.0"
      strip-ansi "^6.0.0"
  
  wrap-ansi@^7.0.0:
    version "7.0.0"
    resolved "https://registry.yarnpkg.com/wrap-ansi/-/wrap-ansi-7.0.0.tgz#67e145cff510a6a6984bdf1152911d69d2eb9e43"
    integrity sha512-YVGIj2kamLSTxw6NsZjoBxfSwsn0ycdesmc4p+Q21c5zPuZ1pl+NfxVdxPtdHvmNVOQ6XSYG4AUtyt/Fi7D16Q==
    dependencies:
      ansi-styles "^4.0.0"
      string-width "^4.1.0"
      strip-ansi "^6.0.0"
  
  ws@^7.3.1:
    version "7.5.9"
    resolved "https://registry.yarnpkg.com/ws/-/ws-7.5.9.tgz#54fa7db29f4c7cec68b1ddd3a89de099942bb591"
    integrity sha512-F+P9Jil7UiSKSkppIiD94dN07AwvFixvLIj1Og1Rl9GGMuNipJnV9JzjD6XuqmAeiswGvUmNLjr5cFuXwNS77Q==
  
  y18n@^5.0.5:
    version "5.0.8"
    resolved "https://registry.yarnpkg.com/y18n/-/y18n-5.0.8.tgz#7f4934d0f7ca8c56f95314939ddcd2dd91ce1d55"
    integrity sha512-0pfFzegeDWJHJIAmTLRP2DwHjdF5s7jo9tuztdQxAhINCdvS+3nGINqPd00AphqJR/0LhANUS6/+7SCb98YOfA==
  
  yallist@^4.0.0:
    version "4.0.0"
    resolved "https://registry.yarnpkg.com/yallist/-/yallist-4.0.0.tgz#9bb92790d9c0effec63be73519e11a35019a3a72"
    integrity sha512-3wdGidZyq5PB084XLES5TpOSRA3wjXAlIWMhum2kRcv/41Sn2emQ0dycQW4uZXLejwKvg6EsvbdlVL+FYEct7A==
  
  yargs-parser@^21.0.0:
    version "21.0.1"
    resolved "https://registry.yarnpkg.com/yargs-parser/-/yargs-parser-21.0.1.tgz#0267f286c877a4f0f728fceb6f8a3e4cb95c6e35"
    integrity sha512-9BK1jFpLzJROCI5TzwZL/TU4gqjK5xiHV/RfWLOahrjAko/e4DJkRDZQXfvqAsiZzzYhgAzbgz6lg48jcm4GLg==
  
  yargs@^17.3.1:
    version "17.5.1"
    resolved "https://registry.yarnpkg.com/yargs/-/yargs-17.5.1.tgz#e109900cab6fcb7fd44b1d8249166feb0b36e58e"
    integrity sha512-t6YAJcxDkNX7NFYiVtKvWUz8l+PaKTLiL63mJYWR2GnHq2gjEWISzsLp9wg3aY36dY1j+gfIEL3pIF+XlJJfbA==
    dependencies:
      cliui "^7.0.2"
      escalade "^3.1.1"
      get-caller-file "^2.0.5"
      require-directory "^2.1.1"
      string-width "^4.2.3"
      y18n "^5.0.5"
      yargs-parser "^21.0.0"
